****** Training lenet5 ****** 
****** loading the Imagenet pretrained weights ****** 
****** using multiple gpus to training ********
...... Initialize the network done!!! .......
max_iter = cfg.MAX_EPOCH 100
Traceback (most recent call last):
  File "train_flower.py", line 161, in <module>
    out = model(images)
  File "/usr/local/lib/python3.6/dist-packages/torch/nn/modules/module.py", line 722, in _call_impl
    result = self.forward(*input, **kwargs)
  File "/usr/local/lib/python3.6/dist-packages/torch/nn/parallel/data_parallel.py", line 143, in forward
    return self.module(*inputs, **kwargs)
  File "/usr/local/lib/python3.6/dist-packages/torch/nn/modules/module.py", line 722, in _call_impl
    result = self.forward(*input, **kwargs)
  File "/root/Projects/pytorch_classification/models/cnn_flower.py", line 65, in forward
    x = self.classifier(x)
  File "/usr/local/lib/python3.6/dist-packages/torch/nn/modules/module.py", line 722, in _call_impl
    result = self.forward(*input, **kwargs)
  File "/usr/local/lib/python3.6/dist-packages/torch/nn/modules/container.py", line 117, in forward
    input = module(input)
  File "/usr/local/lib/python3.6/dist-packages/torch/nn/modules/module.py", line 722, in _call_impl
    result = self.forward(*input, **kwargs)
  File "/usr/local/lib/python3.6/dist-packages/torch/nn/modules/linear.py", line 91, in forward
    return F.linear(input, self.weight, self.bias)
  File "/usr/local/lib/python3.6/dist-packages/torch/nn/functional.py", line 1674, in linear
    ret = torch.addmm(bias, input, weight.t())
RuntimeError: size mismatch, m1: [32 x 3200], m2: [4096 x 1024] at /pytorch/aten/src/TH/generic/THTensorMath.cpp:41
****** Training lenet5 ****** 
****** loading the Imagenet pretrained weights ****** 
****** using multiple gpus to training ********
...... Initialize the network done!!! .......
max_iter = cfg.MAX_EPOCH 100
Epoch:1 || epochiter: 0/1071|| Totel iter 0 || Loss: 6.909002||ACC: 0.000 ||LR: 0.00000100
Epoch:1 || epochiter: 10/1071|| Totel iter 10 || Loss: 6.900974||ACC: 0.000 ||LR: 0.00000287
Epoch:1 || epochiter: 20/1071|| Totel iter 20 || Loss: 6.921251||ACC: 0.000 ||LR: 0.00000473
Epoch:1 || epochiter: 30/1071|| Totel iter 30 || Loss: 6.927626||ACC: 0.000 ||LR: 0.00000660
Epoch:1 || epochiter: 40/1071|| Totel iter 40 || Loss: 6.921060||ACC: 0.000 ||LR: 0.00000846
Epoch:1 || epochiter: 50/1071|| Totel iter 50 || Loss: 6.906308||ACC: 0.000 ||LR: 0.00001033
Epoch:1 || epochiter: 60/1071|| Totel iter 60 || Loss: 6.908075||ACC: 0.000 ||LR: 0.00001219
Epoch:1 || epochiter: 70/1071|| Totel iter 70 || Loss: 6.916617||ACC: 0.000 ||LR: 0.00001406
Epoch:1 || epochiter: 80/1071|| Totel iter 80 || Loss: 6.892813||ACC: 0.000 ||LR: 0.00001592
Epoch:1 || epochiter: 90/1071|| Totel iter 90 || Loss: 6.903031||ACC: 0.000 ||LR: 0.00001779
Epoch:1 || epochiter: 100/1071|| Totel iter 100 || Loss: 6.929235||ACC: 0.000 ||LR: 0.00001966
Epoch:1 || epochiter: 110/1071|| Totel iter 110 || Loss: 6.895991||ACC: 0.000 ||LR: 0.00002152
Epoch:1 || epochiter: 120/1071|| Totel iter 120 || Loss: 6.892171||ACC: 0.000 ||LR: 0.00002339
Epoch:1 || epochiter: 130/1071|| Totel iter 130 || Loss: 6.884568||ACC: 0.000 ||LR: 0.00002525
Epoch:1 || epochiter: 140/1071|| Totel iter 140 || Loss: 6.888959||ACC: 0.000 ||LR: 0.00002712
Epoch:1 || epochiter: 150/1071|| Totel iter 150 || Loss: 6.916109||ACC: 0.000 ||LR: 0.00002898
Epoch:1 || epochiter: 160/1071|| Totel iter 160 || Loss: 6.886244||ACC: 0.000 ||LR: 0.00003085
Epoch:1 || epochiter: 170/1071|| Totel iter 170 || Loss: 6.867063||ACC: 0.000 ||LR: 0.00003271
Epoch:1 || epochiter: 180/1071|| Totel iter 180 || Loss: 6.875624||ACC: 0.000 ||LR: 0.00003458
Epoch:1 || epochiter: 190/1071|| Totel iter 190 || Loss: 6.871062||ACC: 0.000 ||LR: 0.00003645
Epoch:1 || epochiter: 200/1071|| Totel iter 200 || Loss: 6.864564||ACC: 0.000 ||LR: 0.00003831
Epoch:1 || epochiter: 210/1071|| Totel iter 210 || Loss: 6.861301||ACC: 0.000 ||LR: 0.00004018
Epoch:1 || epochiter: 220/1071|| Totel iter 220 || Loss: 6.857110||ACC: 0.000 ||LR: 0.00004204
Epoch:1 || epochiter: 230/1071|| Totel iter 230 || Loss: 6.846670||ACC: 0.000 ||LR: 0.00004391
Epoch:1 || epochiter: 240/1071|| Totel iter 240 || Loss: 6.846242||ACC: 0.000 ||LR: 0.00004577
Epoch:1 || epochiter: 250/1071|| Totel iter 250 || Loss: 6.804436||ACC: 3.125 ||LR: 0.00004764
Epoch:1 || epochiter: 260/1071|| Totel iter 260 || Loss: 6.848333||ACC: 0.000 ||LR: 0.00004950
Epoch:1 || epochiter: 270/1071|| Totel iter 270 || Loss: 6.841675||ACC: 0.000 ||LR: 0.00005137
Epoch:1 || epochiter: 280/1071|| Totel iter 280 || Loss: 6.842127||ACC: 0.000 ||LR: 0.00005324
Epoch:1 || epochiter: 290/1071|| Totel iter 290 || Loss: 6.819741||ACC: 3.125 ||LR: 0.00005510
Epoch:1 || epochiter: 300/1071|| Totel iter 300 || Loss: 6.822295||ACC: 0.000 ||LR: 0.00005697
Epoch:1 || epochiter: 310/1071|| Totel iter 310 || Loss: 6.861870||ACC: 3.125 ||LR: 0.00005883
Epoch:1 || epochiter: 320/1071|| Totel iter 320 || Loss: 6.796057||ACC: 9.375 ||LR: 0.00006070
Epoch:1 || epochiter: 330/1071|| Totel iter 330 || Loss: 6.800969||ACC: 6.250 ||LR: 0.00006256
Epoch:1 || epochiter: 340/1071|| Totel iter 340 || Loss: 6.771792||ACC: 6.250 ||LR: 0.00006443
Epoch:1 || epochiter: 350/1071|| Totel iter 350 || Loss: 6.788134||ACC: 6.250 ||LR: 0.00006629
Epoch:1 || epochiter: 360/1071|| Totel iter 360 || Loss: 6.792004||ACC: 3.125 ||LR: 0.00006816
Epoch:1 || epochiter: 370/1071|| Totel iter 370 || Loss: 6.767226||ACC: 6.250 ||LR: 0.00007003
Epoch:1 || epochiter: 380/1071|| Totel iter 380 || Loss: 6.719864||ACC: 0.000 ||LR: 0.00007189
Epoch:1 || epochiter: 390/1071|| Totel iter 390 || Loss: 6.776337||ACC: 0.000 ||LR: 0.00007376
Epoch:1 || epochiter: 400/1071|| Totel iter 400 || Loss: 6.649840||ACC: 12.500 ||LR: 0.00007562
Epoch:1 || epochiter: 410/1071|| Totel iter 410 || Loss: 6.635341||ACC: 12.500 ||LR: 0.00007749
Epoch:1 || epochiter: 420/1071|| Totel iter 420 || Loss: 6.703144||ACC: 3.125 ||LR: 0.00007935
Epoch:1 || epochiter: 430/1071|| Totel iter 430 || Loss: 6.633159||ACC: 3.125 ||LR: 0.00008122
Epoch:1 || epochiter: 440/1071|| Totel iter 440 || Loss: 6.658552||ACC: 9.375 ||LR: 0.00008308
Epoch:1 || epochiter: 450/1071|| Totel iter 450 || Loss: 6.603776||ACC: 3.125 ||LR: 0.00008495
Epoch:1 || epochiter: 460/1071|| Totel iter 460 || Loss: 6.651669||ACC: 3.125 ||LR: 0.00008682
Epoch:1 || epochiter: 470/1071|| Totel iter 470 || Loss: 6.589168||ACC: 0.000 ||LR: 0.00008868
Epoch:1 || epochiter: 480/1071|| Totel iter 480 || Loss: 6.529209||ACC: 6.250 ||LR: 0.00009055
Epoch:1 || epochiter: 490/1071|| Totel iter 490 || Loss: 6.564432||ACC: 3.125 ||LR: 0.00009241
Epoch:1 || epochiter: 500/1071|| Totel iter 500 || Loss: 6.457999||ACC: 3.125 ||LR: 0.00009428
Epoch:1 || epochiter: 510/1071|| Totel iter 510 || Loss: 6.326516||ACC: 3.125 ||LR: 0.00009614
Epoch:1 || epochiter: 520/1071|| Totel iter 520 || Loss: 6.353916||ACC: 0.000 ||LR: 0.00009801
Epoch:1 || epochiter: 530/1071|| Totel iter 530 || Loss: 6.228340||ACC: 6.250 ||LR: 0.00009987
Epoch:1 || epochiter: 540/1071|| Totel iter 540 || Loss: 6.173873||ACC: 9.375 ||LR: 0.00010174
Epoch:1 || epochiter: 550/1071|| Totel iter 550 || Loss: 5.869316||ACC: 12.500 ||LR: 0.00010361
Epoch:1 || epochiter: 560/1071|| Totel iter 560 || Loss: 5.971143||ACC: 6.250 ||LR: 0.00010547
Epoch:1 || epochiter: 570/1071|| Totel iter 570 || Loss: 5.813882||ACC: 0.000 ||LR: 0.00010734
Epoch:1 || epochiter: 580/1071|| Totel iter 580 || Loss: 5.683991||ACC: 12.500 ||LR: 0.00010920
Epoch:1 || epochiter: 590/1071|| Totel iter 590 || Loss: 5.704687||ACC: 3.125 ||LR: 0.00011107
Epoch:1 || epochiter: 600/1071|| Totel iter 600 || Loss: 5.191721||ACC: 9.375 ||LR: 0.00011293
Epoch:1 || epochiter: 610/1071|| Totel iter 610 || Loss: 5.424541||ACC: 6.250 ||LR: 0.00011480
Epoch:1 || epochiter: 620/1071|| Totel iter 620 || Loss: 5.418974||ACC: 3.125 ||LR: 0.00011666
Epoch:1 || epochiter: 630/1071|| Totel iter 630 || Loss: 5.253256||ACC: 6.250 ||LR: 0.00011853
Epoch:1 || epochiter: 640/1071|| Totel iter 640 || Loss: 5.913334||ACC: 0.000 ||LR: 0.00012039
Epoch:1 || epochiter: 650/1071|| Totel iter 650 || Loss: 5.145596||ACC: 6.250 ||LR: 0.00012226
Epoch:1 || epochiter: 660/1071|| Totel iter 660 || Loss: 5.048470||ACC: 6.250 ||LR: 0.00012413
Epoch:1 || epochiter: 670/1071|| Totel iter 670 || Loss: 5.042336||ACC: 6.250 ||LR: 0.00012599
Epoch:1 || epochiter: 680/1071|| Totel iter 680 || Loss: 5.288479||ACC: 9.375 ||LR: 0.00012786
Epoch:1 || epochiter: 690/1071|| Totel iter 690 || Loss: 4.844291||ACC: 9.375 ||LR: 0.00012972
Epoch:1 || epochiter: 700/1071|| Totel iter 700 || Loss: 4.630789||ACC: 0.000 ||LR: 0.00013159
Epoch:1 || epochiter: 710/1071|| Totel iter 710 || Loss: 4.092145||ACC: 6.250 ||LR: 0.00013345
Epoch:1 || epochiter: 720/1071|| Totel iter 720 || Loss: 4.533910||ACC: 3.125 ||LR: 0.00013532
Epoch:1 || epochiter: 730/1071|| Totel iter 730 || Loss: 4.998629||ACC: 3.125 ||LR: 0.00013718
Epoch:1 || epochiter: 740/1071|| Totel iter 740 || Loss: 4.519048||ACC: 6.250 ||LR: 0.00013905
Epoch:1 || epochiter: 750/1071|| Totel iter 750 || Loss: 4.496839||ACC: 6.250 ||LR: 0.00014092
Epoch:1 || epochiter: 760/1071|| Totel iter 760 || Loss: 4.821039||ACC: 9.375 ||LR: 0.00014278
Epoch:1 || epochiter: 770/1071|| Totel iter 770 || Loss: 4.267299||ACC: 3.125 ||LR: 0.00014465
Epoch:1 || epochiter: 780/1071|| Totel iter 780 || Loss: 4.699186||ACC: 0.000 ||LR: 0.00014651
Epoch:1 || epochiter: 790/1071|| Totel iter 790 || Loss: 4.093202||ACC: 9.375 ||LR: 0.00014838
Epoch:1 || epochiter: 800/1071|| Totel iter 800 || Loss: 3.897232||ACC: 18.750 ||LR: 0.00015024
Epoch:1 || epochiter: 810/1071|| Totel iter 810 || Loss: 4.461149||ACC: 6.250 ||LR: 0.00015211
Epoch:1 || epochiter: 820/1071|| Totel iter 820 || Loss: 4.219747||ACC: 6.250 ||LR: 0.00015397
Epoch:1 || epochiter: 830/1071|| Totel iter 830 || Loss: 4.373807||ACC: 12.500 ||LR: 0.00015584
Epoch:1 || epochiter: 840/1071|| Totel iter 840 || Loss: 4.279676||ACC: 6.250 ||LR: 0.00015771
Epoch:1 || epochiter: 850/1071|| Totel iter 850 || Loss: 4.522620||ACC: 15.625 ||LR: 0.00015957
Epoch:1 || epochiter: 860/1071|| Totel iter 860 || Loss: 3.708129||ACC: 12.500 ||LR: 0.00016144
Epoch:1 || epochiter: 870/1071|| Totel iter 870 || Loss: 3.877613||ACC: 3.125 ||LR: 0.00016330
Epoch:1 || epochiter: 880/1071|| Totel iter 880 || Loss: 3.714140||ACC: 12.500 ||LR: 0.00016517
Epoch:1 || epochiter: 890/1071|| Totel iter 890 || Loss: 4.060769||ACC: 0.000 ||LR: 0.00016703
Epoch:1 || epochiter: 900/1071|| Totel iter 900 || Loss: 3.570856||ACC: 15.625 ||LR: 0.00016890
Epoch:1 || epochiter: 910/1071|| Totel iter 910 || Loss: 4.294732||ACC: 3.125 ||LR: 0.00017076
Epoch:1 || epochiter: 920/1071|| Totel iter 920 || Loss: 4.308293||ACC: 6.250 ||LR: 0.00017263
Epoch:1 || epochiter: 930/1071|| Totel iter 930 || Loss: 3.767705||ACC: 0.000 ||LR: 0.00017450
Epoch:1 || epochiter: 940/1071|| Totel iter 940 || Loss: 4.090642||ACC: 0.000 ||LR: 0.00017636
Epoch:1 || epochiter: 950/1071|| Totel iter 950 || Loss: 4.196152||ACC: 0.000 ||LR: 0.00017823
Epoch:1 || epochiter: 960/1071|| Totel iter 960 || Loss: 3.823524||ACC: 6.250 ||LR: 0.00018009
Epoch:1 || epochiter: 970/1071|| Totel iter 970 || Loss: 3.820096||ACC: 6.250 ||LR: 0.00018196
Epoch:1 || epochiter: 980/1071|| Totel iter 980 || Loss: 3.800823||ACC: 6.250 ||LR: 0.00018382
Epoch:1 || epochiter: 990/1071|| Totel iter 990 || Loss: 3.920865||ACC: 6.250 ||LR: 0.00018569
Epoch:1 || epochiter: 1000/1071|| Totel iter 1000 || Loss: 3.934347||ACC: 9.375 ||LR: 0.00018755
Epoch:1 || epochiter: 1010/1071|| Totel iter 1010 || Loss: 3.851220||ACC: 3.125 ||LR: 0.00018942
Epoch:1 || epochiter: 1020/1071|| Totel iter 1020 || Loss: 3.993746||ACC: 0.000 ||LR: 0.00019129
Epoch:1 || epochiter: 1030/1071|| Totel iter 1030 || Loss: 4.359682||ACC: 12.500 ||LR: 0.00019315
Epoch:1 || epochiter: 1040/1071|| Totel iter 1040 || Loss: 3.699841||ACC: 3.125 ||LR: 0.00019502
Epoch:1 || epochiter: 1050/1071|| Totel iter 1050 || Loss: 3.771482||ACC: 6.250 ||LR: 0.00019688
Epoch:1 || epochiter: 1060/1071|| Totel iter 1060 || Loss: 3.862987||ACC: 12.500 ||LR: 0.00019875
Epoch:1 || epochiter: 1070/1071|| Totel iter 1070 || Loss: 3.752699||ACC: 12.500 ||LR: 0.00020061
Epoch:2 || epochiter: 9/1071|| Totel iter 1080 || Loss: 3.702295||ACC: 3.125 ||LR: 0.00020248
Epoch:2 || epochiter: 19/1071|| Totel iter 1090 || Loss: 4.030485||ACC: 0.000 ||LR: 0.00020434
Epoch:2 || epochiter: 29/1071|| Totel iter 1100 || Loss: 3.694895||ACC: 3.125 ||LR: 0.00020621
Epoch:2 || epochiter: 39/1071|| Totel iter 1110 || Loss: 3.632049||ACC: 6.250 ||LR: 0.00020808
Epoch:2 || epochiter: 49/1071|| Totel iter 1120 || Loss: 3.703520||ACC: 9.375 ||LR: 0.00020994
Epoch:2 || epochiter: 59/1071|| Totel iter 1130 || Loss: 3.742064||ACC: 9.375 ||LR: 0.00021181
Epoch:2 || epochiter: 69/1071|| Totel iter 1140 || Loss: 3.780473||ACC: 0.000 ||LR: 0.00021367
Epoch:2 || epochiter: 79/1071|| Totel iter 1150 || Loss: 3.721093||ACC: 3.125 ||LR: 0.00021554
Epoch:2 || epochiter: 89/1071|| Totel iter 1160 || Loss: 3.652441||ACC: 6.250 ||LR: 0.00021740
Epoch:2 || epochiter: 99/1071|| Totel iter 1170 || Loss: 3.721004||ACC: 6.250 ||LR: 0.00021927
Epoch:2 || epochiter: 109/1071|| Totel iter 1180 || Loss: 3.895657||ACC: 0.000 ||LR: 0.00022113
Epoch:2 || epochiter: 119/1071|| Totel iter 1190 || Loss: 4.099119||ACC: 3.125 ||LR: 0.00022300
Epoch:2 || epochiter: 129/1071|| Totel iter 1200 || Loss: 3.849292||ACC: 3.125 ||LR: 0.00022487
Epoch:2 || epochiter: 139/1071|| Totel iter 1210 || Loss: 3.632808||ACC: 12.500 ||LR: 0.00022673
Epoch:2 || epochiter: 149/1071|| Totel iter 1220 || Loss: 3.794040||ACC: 3.125 ||LR: 0.00022860
Epoch:2 || epochiter: 159/1071|| Totel iter 1230 || Loss: 3.577711||ACC: 12.500 ||LR: 0.00023046
Epoch:2 || epochiter: 169/1071|| Totel iter 1240 || Loss: 3.823000||ACC: 6.250 ||LR: 0.00023233
Epoch:2 || epochiter: 179/1071|| Totel iter 1250 || Loss: 3.802705||ACC: 3.125 ||LR: 0.00023419
Epoch:2 || epochiter: 189/1071|| Totel iter 1260 || Loss: 3.704739||ACC: 15.625 ||LR: 0.00023606
Epoch:2 || epochiter: 199/1071|| Totel iter 1270 || Loss: 3.544969||ACC: 12.500 ||LR: 0.00023792
Epoch:2 || epochiter: 209/1071|| Totel iter 1280 || Loss: 3.630589||ACC: 3.125 ||LR: 0.00023979
Epoch:2 || epochiter: 219/1071|| Totel iter 1290 || Loss: 3.777087||ACC: 12.500 ||LR: 0.00024166
Epoch:2 || epochiter: 229/1071|| Totel iter 1300 || Loss: 3.967471||ACC: 6.250 ||LR: 0.00024352
Epoch:2 || epochiter: 239/1071|| Totel iter 1310 || Loss: 3.751013||ACC: 9.375 ||LR: 0.00024539
Epoch:2 || epochiter: 249/1071|| Totel iter 1320 || Loss: 3.603585||ACC: 12.500 ||LR: 0.00024725
Epoch:2 || epochiter: 259/1071|| Totel iter 1330 || Loss: 3.675363||ACC: 6.250 ||LR: 0.00024912
Epoch:2 || epochiter: 269/1071|| Totel iter 1340 || Loss: 3.482796||ACC: 18.750 ||LR: 0.00025098
Epoch:2 || epochiter: 279/1071|| Totel iter 1350 || Loss: 3.895195||ACC: 3.125 ||LR: 0.00025285
Epoch:2 || epochiter: 289/1071|| Totel iter 1360 || Loss: 3.591756||ACC: 9.375 ||LR: 0.00025471
Epoch:2 || epochiter: 299/1071|| Totel iter 1370 || Loss: 3.547694||ACC: 18.750 ||LR: 0.00025658
Epoch:2 || epochiter: 309/1071|| Totel iter 1380 || Loss: 3.503250||ACC: 12.500 ||LR: 0.00025845
Epoch:2 || epochiter: 319/1071|| Totel iter 1390 || Loss: 3.661264||ACC: 12.500 ||LR: 0.00026031
Epoch:2 || epochiter: 329/1071|| Totel iter 1400 || Loss: 3.687587||ACC: 6.250 ||LR: 0.00026218
Epoch:2 || epochiter: 339/1071|| Totel iter 1410 || Loss: 3.530892||ACC: 9.375 ||LR: 0.00026404
Epoch:2 || epochiter: 349/1071|| Totel iter 1420 || Loss: 3.412381||ACC: 21.875 ||LR: 0.00026591
Epoch:2 || epochiter: 359/1071|| Totel iter 1430 || Loss: 3.776690||ACC: 6.250 ||LR: 0.00026777
Epoch:2 || epochiter: 369/1071|| Totel iter 1440 || Loss: 3.459884||ACC: 18.750 ||LR: 0.00026964
Epoch:2 || epochiter: 379/1071|| Totel iter 1450 || Loss: 3.943228||ACC: 0.000 ||LR: 0.00027150
Epoch:2 || epochiter: 389/1071|| Totel iter 1460 || Loss: 3.410092||ACC: 18.750 ||LR: 0.00027337
Epoch:2 || epochiter: 399/1071|| Totel iter 1470 || Loss: 3.757618||ACC: 3.125 ||LR: 0.00027524
Epoch:2 || epochiter: 409/1071|| Totel iter 1480 || Loss: 3.686917||ACC: 6.250 ||LR: 0.00027710
Epoch:2 || epochiter: 419/1071|| Totel iter 1490 || Loss: 3.418842||ACC: 18.750 ||LR: 0.00027897
Epoch:2 || epochiter: 429/1071|| Totel iter 1500 || Loss: 3.728587||ACC: 6.250 ||LR: 0.00028083
Epoch:2 || epochiter: 439/1071|| Totel iter 1510 || Loss: 3.601030||ACC: 18.750 ||LR: 0.00028270
Epoch:2 || epochiter: 449/1071|| Totel iter 1520 || Loss: 3.871731||ACC: 6.250 ||LR: 0.00028456
Epoch:2 || epochiter: 459/1071|| Totel iter 1530 || Loss: 3.660210||ACC: 9.375 ||LR: 0.00028643
Epoch:2 || epochiter: 469/1071|| Totel iter 1540 || Loss: 3.748396||ACC: 9.375 ||LR: 0.00028829
Epoch:2 || epochiter: 479/1071|| Totel iter 1550 || Loss: 3.384408||ACC: 9.375 ||LR: 0.00029016
Epoch:2 || epochiter: 489/1071|| Totel iter 1560 || Loss: 3.609477||ACC: 9.375 ||LR: 0.00029203
Epoch:2 || epochiter: 499/1071|| Totel iter 1570 || Loss: 3.632607||ACC: 28.125 ||LR: 0.00029389
Epoch:2 || epochiter: 509/1071|| Totel iter 1580 || Loss: 3.930741||ACC: 3.125 ||LR: 0.00029576
Epoch:2 || epochiter: 519/1071|| Totel iter 1590 || Loss: 3.337903||ACC: 25.000 ||LR: 0.00029762
Epoch:2 || epochiter: 529/1071|| Totel iter 1600 || Loss: 3.506898||ACC: 12.500 ||LR: 0.00029949
Epoch:2 || epochiter: 539/1071|| Totel iter 1610 || Loss: 3.359482||ACC: 12.500 ||LR: 0.00030135
Epoch:2 || epochiter: 549/1071|| Totel iter 1620 || Loss: 3.658294||ACC: 0.000 ||LR: 0.00030322
Epoch:2 || epochiter: 559/1071|| Totel iter 1630 || Loss: 3.430516||ACC: 15.625 ||LR: 0.00030508
Epoch:2 || epochiter: 569/1071|| Totel iter 1640 || Loss: 3.650939||ACC: 6.250 ||LR: 0.00030695
Epoch:2 || epochiter: 579/1071|| Totel iter 1650 || Loss: 3.523039||ACC: 21.875 ||LR: 0.00030882
Epoch:2 || epochiter: 589/1071|| Totel iter 1660 || Loss: 3.183747||ACC: 12.500 ||LR: 0.00031068
Epoch:2 || epochiter: 599/1071|| Totel iter 1670 || Loss: 3.438210||ACC: 12.500 ||LR: 0.00031255
Epoch:2 || epochiter: 609/1071|| Totel iter 1680 || Loss: 3.429668||ACC: 9.375 ||LR: 0.00031441
Epoch:2 || epochiter: 619/1071|| Totel iter 1690 || Loss: 3.549225||ACC: 9.375 ||LR: 0.00031628
Epoch:2 || epochiter: 629/1071|| Totel iter 1700 || Loss: 3.441881||ACC: 3.125 ||LR: 0.00031814
Epoch:2 || epochiter: 639/1071|| Totel iter 1710 || Loss: 3.795100||ACC: 6.250 ||LR: 0.00032001
Epoch:2 || epochiter: 649/1071|| Totel iter 1720 || Loss: 3.652365||ACC: 12.500 ||LR: 0.00032187
Epoch:2 || epochiter: 659/1071|| Totel iter 1730 || Loss: 3.150504||ACC: 31.250 ||LR: 0.00032374
Epoch:2 || epochiter: 669/1071|| Totel iter 1740 || Loss: 3.299215||ACC: 12.500 ||LR: 0.00032561
Epoch:2 || epochiter: 679/1071|| Totel iter 1750 || Loss: 3.412766||ACC: 15.625 ||LR: 0.00032747
Epoch:2 || epochiter: 689/1071|| Totel iter 1760 || Loss: 3.614432||ACC: 15.625 ||LR: 0.00032934
Epoch:2 || epochiter: 699/1071|| Totel iter 1770 || Loss: 3.429075||ACC: 15.625 ||LR: 0.00033120
Epoch:2 || epochiter: 709/1071|| Totel iter 1780 || Loss: 3.172257||ACC: 12.500 ||LR: 0.00033307
Epoch:2 || epochiter: 719/1071|| Totel iter 1790 || Loss: 3.723360||ACC: 3.125 ||LR: 0.00033493
Epoch:2 || epochiter: 729/1071|| Totel iter 1800 || Loss: 3.484100||ACC: 9.375 ||LR: 0.00033680
Epoch:2 || epochiter: 739/1071|| Totel iter 1810 || Loss: 3.529892||ACC: 21.875 ||LR: 0.00033866
Epoch:2 || epochiter: 749/1071|| Totel iter 1820 || Loss: 3.366559||ACC: 6.250 ||LR: 0.00034053
Epoch:2 || epochiter: 759/1071|| Totel iter 1830 || Loss: 3.458033||ACC: 15.625 ||LR: 0.00034239
Epoch:2 || epochiter: 769/1071|| Totel iter 1840 || Loss: 3.659257||ACC: 6.250 ||LR: 0.00034426
Epoch:2 || epochiter: 779/1071|| Totel iter 1850 || Loss: 3.369366||ACC: 18.750 ||LR: 0.00034613
Epoch:2 || epochiter: 789/1071|| Totel iter 1860 || Loss: 3.565809||ACC: 3.125 ||LR: 0.00034799
Epoch:2 || epochiter: 799/1071|| Totel iter 1870 || Loss: 3.418951||ACC: 6.250 ||LR: 0.00034986
Epoch:2 || epochiter: 809/1071|| Totel iter 1880 || Loss: 3.257148||ACC: 18.750 ||LR: 0.00035172
Epoch:2 || epochiter: 819/1071|| Totel iter 1890 || Loss: 3.307624||ACC: 15.625 ||LR: 0.00035359
Epoch:2 || epochiter: 829/1071|| Totel iter 1900 || Loss: 3.031015||ACC: 12.500 ||LR: 0.00035545
Epoch:2 || epochiter: 839/1071|| Totel iter 1910 || Loss: 3.160496||ACC: 15.625 ||LR: 0.00035732
Epoch:2 || epochiter: 849/1071|| Totel iter 1920 || Loss: 3.339526||ACC: 12.500 ||LR: 0.00035918
Epoch:2 || epochiter: 859/1071|| Totel iter 1930 || Loss: 3.013605||ACC: 28.125 ||LR: 0.00036105
Epoch:2 || epochiter: 869/1071|| Totel iter 1940 || Loss: 3.715584||ACC: 6.250 ||LR: 0.00036292
Epoch:2 || epochiter: 879/1071|| Totel iter 1950 || Loss: 3.321227||ACC: 21.875 ||LR: 0.00036478
Epoch:2 || epochiter: 889/1071|| Totel iter 1960 || Loss: 3.370719||ACC: 9.375 ||LR: 0.00036665
Epoch:2 || epochiter: 899/1071|| Totel iter 1970 || Loss: 3.270339||ACC: 6.250 ||LR: 0.00036851
Epoch:2 || epochiter: 909/1071|| Totel iter 1980 || Loss: 3.342089||ACC: 15.625 ||LR: 0.00037038
Epoch:2 || epochiter: 919/1071|| Totel iter 1990 || Loss: 3.203099||ACC: 25.000 ||LR: 0.00037224
Epoch:2 || epochiter: 929/1071|| Totel iter 2000 || Loss: 3.411625||ACC: 12.500 ||LR: 0.00037411
Epoch:2 || epochiter: 939/1071|| Totel iter 2010 || Loss: 3.066311||ACC: 21.875 ||LR: 0.00037597
Epoch:2 || epochiter: 949/1071|| Totel iter 2020 || Loss: 3.627112||ACC: 6.250 ||LR: 0.00037784
Epoch:2 || epochiter: 959/1071|| Totel iter 2030 || Loss: 3.005121||ACC: 15.625 ||LR: 0.00037971
Epoch:2 || epochiter: 969/1071|| Totel iter 2040 || Loss: 3.204941||ACC: 18.750 ||LR: 0.00038157
Epoch:2 || epochiter: 979/1071|| Totel iter 2050 || Loss: 3.474152||ACC: 3.125 ||LR: 0.00038344
Epoch:2 || epochiter: 989/1071|| Totel iter 2060 || Loss: 2.966164||ACC: 15.625 ||LR: 0.00038530
Epoch:2 || epochiter: 999/1071|| Totel iter 2070 || Loss: 3.195599||ACC: 12.500 ||LR: 0.00038717
Epoch:2 || epochiter: 1009/1071|| Totel iter 2080 || Loss: 2.991679||ACC: 18.750 ||LR: 0.00038903
Epoch:2 || epochiter: 1019/1071|| Totel iter 2090 || Loss: 2.890029||ACC: 21.875 ||LR: 0.00039090
Epoch:2 || epochiter: 1029/1071|| Totel iter 2100 || Loss: 3.203029||ACC: 31.250 ||LR: 0.00039276
Epoch:2 || epochiter: 1039/1071|| Totel iter 2110 || Loss: 3.439684||ACC: 25.000 ||LR: 0.00039463
Epoch:2 || epochiter: 1049/1071|| Totel iter 2120 || Loss: 3.490858||ACC: 12.500 ||LR: 0.00039650
Epoch:2 || epochiter: 1059/1071|| Totel iter 2130 || Loss: 3.116656||ACC: 15.625 ||LR: 0.00039836
Epoch:2 || epochiter: 1069/1071|| Totel iter 2140 || Loss: 3.324497||ACC: 21.875 ||LR: 0.00040023
Epoch:3 || epochiter: 8/1071|| Totel iter 2150 || Loss: 3.092619||ACC: 25.000 ||LR: 0.00040209
Epoch:3 || epochiter: 18/1071|| Totel iter 2160 || Loss: 3.325226||ACC: 15.625 ||LR: 0.00040396
Epoch:3 || epochiter: 28/1071|| Totel iter 2170 || Loss: 3.363276||ACC: 15.625 ||LR: 0.00040582
Epoch:3 || epochiter: 38/1071|| Totel iter 2180 || Loss: 3.253800||ACC: 15.625 ||LR: 0.00040769
Epoch:3 || epochiter: 48/1071|| Totel iter 2190 || Loss: 3.481405||ACC: 9.375 ||LR: 0.00040955
Epoch:3 || epochiter: 58/1071|| Totel iter 2200 || Loss: 3.442481||ACC: 12.500 ||LR: 0.00041142
Epoch:3 || epochiter: 68/1071|| Totel iter 2210 || Loss: 3.142905||ACC: 25.000 ||LR: 0.00041329
Epoch:3 || epochiter: 78/1071|| Totel iter 2220 || Loss: 3.432595||ACC: 3.125 ||LR: 0.00041515
Epoch:3 || epochiter: 88/1071|| Totel iter 2230 || Loss: 3.279638||ACC: 12.500 ||LR: 0.00041702
Epoch:3 || epochiter: 98/1071|| Totel iter 2240 || Loss: 3.044247||ACC: 15.625 ||LR: 0.00041888
Epoch:3 || epochiter: 108/1071|| Totel iter 2250 || Loss: 2.955549||ACC: 12.500 ||LR: 0.00042075
Epoch:3 || epochiter: 118/1071|| Totel iter 2260 || Loss: 3.557333||ACC: 9.375 ||LR: 0.00042261
Epoch:3 || epochiter: 128/1071|| Totel iter 2270 || Loss: 3.322685||ACC: 6.250 ||LR: 0.00042448
Epoch:3 || epochiter: 138/1071|| Totel iter 2280 || Loss: 3.252397||ACC: 15.625 ||LR: 0.00042634
Epoch:3 || epochiter: 148/1071|| Totel iter 2290 || Loss: 2.944793||ACC: 18.750 ||LR: 0.00042821
Epoch:3 || epochiter: 158/1071|| Totel iter 2300 || Loss: 3.232241||ACC: 15.625 ||LR: 0.00043008
Epoch:3 || epochiter: 168/1071|| Totel iter 2310 || Loss: 3.387515||ACC: 12.500 ||LR: 0.00043194
Epoch:3 || epochiter: 178/1071|| Totel iter 2320 || Loss: 3.534041||ACC: 12.500 ||LR: 0.00043381
Epoch:3 || epochiter: 188/1071|| Totel iter 2330 || Loss: 3.100111||ACC: 18.750 ||LR: 0.00043567
Epoch:3 || epochiter: 198/1071|| Totel iter 2340 || Loss: 3.112635||ACC: 15.625 ||LR: 0.00043754
Epoch:3 || epochiter: 208/1071|| Totel iter 2350 || Loss: 3.351312||ACC: 3.125 ||LR: 0.00043940
Epoch:3 || epochiter: 218/1071|| Totel iter 2360 || Loss: 3.301036||ACC: 9.375 ||LR: 0.00044127
Epoch:3 || epochiter: 228/1071|| Totel iter 2370 || Loss: 3.179365||ACC: 15.625 ||LR: 0.00044313
Epoch:3 || epochiter: 238/1071|| Totel iter 2380 || Loss: 3.344980||ACC: 12.500 ||LR: 0.00044500
Epoch:3 || epochiter: 248/1071|| Totel iter 2390 || Loss: 3.303764||ACC: 21.875 ||LR: 0.00044687
Epoch:3 || epochiter: 258/1071|| Totel iter 2400 || Loss: 3.347505||ACC: 15.625 ||LR: 0.00044873
Epoch:3 || epochiter: 268/1071|| Totel iter 2410 || Loss: 3.096038||ACC: 28.125 ||LR: 0.00045060
Epoch:3 || epochiter: 278/1071|| Totel iter 2420 || Loss: 3.368606||ACC: 9.375 ||LR: 0.00045246
Epoch:3 || epochiter: 288/1071|| Totel iter 2430 || Loss: 2.893409||ACC: 28.125 ||LR: 0.00045433
Epoch:3 || epochiter: 298/1071|| Totel iter 2440 || Loss: 3.052400||ACC: 31.250 ||LR: 0.00045619
Epoch:3 || epochiter: 308/1071|| Totel iter 2450 || Loss: 3.237827||ACC: 15.625 ||LR: 0.00045806
Epoch:3 || epochiter: 318/1071|| Totel iter 2460 || Loss: 3.327465||ACC: 9.375 ||LR: 0.00045992
Epoch:3 || epochiter: 328/1071|| Totel iter 2470 || Loss: 3.260027||ACC: 21.875 ||LR: 0.00046179
Epoch:3 || epochiter: 338/1071|| Totel iter 2480 || Loss: 3.290356||ACC: 18.750 ||LR: 0.00046366
Epoch:3 || epochiter: 348/1071|| Totel iter 2490 || Loss: 3.458589||ACC: 9.375 ||LR: 0.00046552
Epoch:3 || epochiter: 358/1071|| Totel iter 2500 || Loss: 3.083130||ACC: 21.875 ||LR: 0.00046739
Epoch:3 || epochiter: 368/1071|| Totel iter 2510 || Loss: 2.969595||ACC: 15.625 ||LR: 0.00046925
Epoch:3 || epochiter: 378/1071|| Totel iter 2520 || Loss: 3.315073||ACC: 9.375 ||LR: 0.00047112
Epoch:3 || epochiter: 388/1071|| Totel iter 2530 || Loss: 2.935395||ACC: 12.500 ||LR: 0.00047298
Epoch:3 || epochiter: 398/1071|| Totel iter 2540 || Loss: 2.850635||ACC: 31.250 ||LR: 0.00047485
Epoch:3 || epochiter: 408/1071|| Totel iter 2550 || Loss: 3.138128||ACC: 12.500 ||LR: 0.00047671
Epoch:3 || epochiter: 418/1071|| Totel iter 2560 || Loss: 3.213439||ACC: 18.750 ||LR: 0.00047858
Epoch:3 || epochiter: 428/1071|| Totel iter 2570 || Loss: 3.378225||ACC: 9.375 ||LR: 0.00048045
Epoch:3 || epochiter: 438/1071|| Totel iter 2580 || Loss: 3.108228||ACC: 9.375 ||LR: 0.00048231
Epoch:3 || epochiter: 448/1071|| Totel iter 2590 || Loss: 3.431127||ACC: 6.250 ||LR: 0.00048418
Epoch:3 || epochiter: 458/1071|| Totel iter 2600 || Loss: 2.955317||ACC: 18.750 ||LR: 0.00048604
Epoch:3 || epochiter: 468/1071|| Totel iter 2610 || Loss: 3.080517||ACC: 18.750 ||LR: 0.00048791
Epoch:3 || epochiter: 478/1071|| Totel iter 2620 || Loss: 3.479423||ACC: 12.500 ||LR: 0.00048977
Epoch:3 || epochiter: 488/1071|| Totel iter 2630 || Loss: 3.176277||ACC: 25.000 ||LR: 0.00049164
Epoch:3 || epochiter: 498/1071|| Totel iter 2640 || Loss: 3.042753||ACC: 25.000 ||LR: 0.00049350
Epoch:3 || epochiter: 508/1071|| Totel iter 2650 || Loss: 3.290374||ACC: 3.125 ||LR: 0.00049537
Epoch:3 || epochiter: 518/1071|| Totel iter 2660 || Loss: 3.259028||ACC: 6.250 ||LR: 0.00049724
Epoch:3 || epochiter: 528/1071|| Totel iter 2670 || Loss: 3.221029||ACC: 12.500 ||LR: 0.00049910
Epoch:3 || epochiter: 538/1071|| Totel iter 2680 || Loss: 3.182425||ACC: 28.125 ||LR: 0.00050097
Epoch:3 || epochiter: 548/1071|| Totel iter 2690 || Loss: 3.097578||ACC: 12.500 ||LR: 0.00050283
Epoch:3 || epochiter: 558/1071|| Totel iter 2700 || Loss: 3.497938||ACC: 6.250 ||LR: 0.00050470
Epoch:3 || epochiter: 568/1071|| Totel iter 2710 || Loss: 3.445603||ACC: 6.250 ||LR: 0.00050656
Epoch:3 || epochiter: 578/1071|| Totel iter 2720 || Loss: 3.202805||ACC: 12.500 ||LR: 0.00050843
Epoch:3 || epochiter: 588/1071|| Totel iter 2730 || Loss: 3.363804||ACC: 15.625 ||LR: 0.00051029
Epoch:3 || epochiter: 598/1071|| Totel iter 2740 || Loss: 3.267917||ACC: 18.750 ||LR: 0.00051216
Epoch:3 || epochiter: 608/1071|| Totel iter 2750 || Loss: 2.801615||ACC: 12.500 ||LR: 0.00051403
Epoch:3 || epochiter: 618/1071|| Totel iter 2760 || Loss: 3.349635||ACC: 12.500 ||LR: 0.00051589
Epoch:3 || epochiter: 628/1071|| Totel iter 2770 || Loss: 3.361776||ACC: 15.625 ||LR: 0.00051776
Epoch:3 || epochiter: 638/1071|| Totel iter 2780 || Loss: 3.254926||ACC: 15.625 ||LR: 0.00051962
Epoch:3 || epochiter: 648/1071|| Totel iter 2790 || Loss: 2.993598||ACC: 18.750 ||LR: 0.00052149
Epoch:3 || epochiter: 658/1071|| Totel iter 2800 || Loss: 3.049906||ACC: 15.625 ||LR: 0.00052335
Epoch:3 || epochiter: 668/1071|| Totel iter 2810 || Loss: 3.219893||ACC: 18.750 ||LR: 0.00052522
Epoch:3 || epochiter: 678/1071|| Totel iter 2820 || Loss: 3.370805||ACC: 6.250 ||LR: 0.00052708
Epoch:3 || epochiter: 688/1071|| Totel iter 2830 || Loss: 2.844886||ACC: 21.875 ||LR: 0.00052895
Epoch:3 || epochiter: 698/1071|| Totel iter 2840 || Loss: 3.069641||ACC: 21.875 ||LR: 0.00053082
Epoch:3 || epochiter: 708/1071|| Totel iter 2850 || Loss: 3.074723||ACC: 12.500 ||LR: 0.00053268
Epoch:3 || epochiter: 718/1071|| Totel iter 2860 || Loss: 3.052597||ACC: 12.500 ||LR: 0.00053455
Epoch:3 || epochiter: 728/1071|| Totel iter 2870 || Loss: 2.782727||ACC: 28.125 ||LR: 0.00053641
Epoch:3 || epochiter: 738/1071|| Totel iter 2880 || Loss: 3.227945||ACC: 9.375 ||LR: 0.00053828
Epoch:3 || epochiter: 748/1071|| Totel iter 2890 || Loss: 3.409559||ACC: 12.500 ||LR: 0.00054014
Epoch:3 || epochiter: 758/1071|| Totel iter 2900 || Loss: 2.975091||ACC: 15.625 ||LR: 0.00054201
Epoch:3 || epochiter: 768/1071|| Totel iter 2910 || Loss: 3.522557||ACC: 9.375 ||LR: 0.00054387
Epoch:3 || epochiter: 778/1071|| Totel iter 2920 || Loss: 3.070096||ACC: 18.750 ||LR: 0.00054574
Epoch:3 || epochiter: 788/1071|| Totel iter 2930 || Loss: 3.443433||ACC: 12.500 ||LR: 0.00054761
Epoch:3 || epochiter: 798/1071|| Totel iter 2940 || Loss: 3.122145||ACC: 12.500 ||LR: 0.00054947
Epoch:3 || epochiter: 808/1071|| Totel iter 2950 || Loss: 3.049785||ACC: 18.750 ||LR: 0.00055134
Epoch:3 || epochiter: 818/1071|| Totel iter 2960 || Loss: 2.861560||ACC: 18.750 ||LR: 0.00055320
Epoch:3 || epochiter: 828/1071|| Totel iter 2970 || Loss: 3.273971||ACC: 9.375 ||LR: 0.00055507
Epoch:3 || epochiter: 838/1071|| Totel iter 2980 || Loss: 3.013872||ACC: 21.875 ||LR: 0.00055693
Epoch:3 || epochiter: 848/1071|| Totel iter 2990 || Loss: 2.924337||ACC: 9.375 ||LR: 0.00055880
Epoch:3 || epochiter: 858/1071|| Totel iter 3000 || Loss: 3.059648||ACC: 21.875 ||LR: 0.00056066
Epoch:3 || epochiter: 868/1071|| Totel iter 3010 || Loss: 3.246852||ACC: 12.500 ||LR: 0.00056253
Epoch:3 || epochiter: 878/1071|| Totel iter 3020 || Loss: 3.219673||ACC: 21.875 ||LR: 0.00056439
Epoch:3 || epochiter: 888/1071|| Totel iter 3030 || Loss: 2.925649||ACC: 28.125 ||LR: 0.00056626
Epoch:3 || epochiter: 898/1071|| Totel iter 3040 || Loss: 3.153273||ACC: 6.250 ||LR: 0.00056813
Epoch:3 || epochiter: 908/1071|| Totel iter 3050 || Loss: 2.985403||ACC: 15.625 ||LR: 0.00056999
Epoch:3 || epochiter: 918/1071|| Totel iter 3060 || Loss: 3.163801||ACC: 18.750 ||LR: 0.00057186
Epoch:3 || epochiter: 928/1071|| Totel iter 3070 || Loss: 2.692365||ACC: 28.125 ||LR: 0.00057372
Epoch:3 || epochiter: 938/1071|| Totel iter 3080 || Loss: 2.950742||ACC: 28.125 ||LR: 0.00057559
Epoch:3 || epochiter: 948/1071|| Totel iter 3090 || Loss: 3.022128||ACC: 25.000 ||LR: 0.00057745
Epoch:3 || epochiter: 958/1071|| Totel iter 3100 || Loss: 2.872588||ACC: 31.250 ||LR: 0.00057932
Epoch:3 || epochiter: 968/1071|| Totel iter 3110 || Loss: 2.990424||ACC: 25.000 ||LR: 0.00058118
Epoch:3 || epochiter: 978/1071|| Totel iter 3120 || Loss: 3.061144||ACC: 28.125 ||LR: 0.00058305
Epoch:3 || epochiter: 988/1071|| Totel iter 3130 || Loss: 3.220660||ACC: 18.750 ||LR: 0.00058492
Epoch:3 || epochiter: 998/1071|| Totel iter 3140 || Loss: 2.853234||ACC: 28.125 ||LR: 0.00058678
Epoch:3 || epochiter: 1008/1071|| Totel iter 3150 || Loss: 3.360899||ACC: 15.625 ||LR: 0.00058865
Epoch:3 || epochiter: 1018/1071|| Totel iter 3160 || Loss: 2.785899||ACC: 12.500 ||LR: 0.00059051
Epoch:3 || epochiter: 1028/1071|| Totel iter 3170 || Loss: 2.707148||ACC: 34.375 ||LR: 0.00059238
Epoch:3 || epochiter: 1038/1071|| Totel iter 3180 || Loss: 3.176969||ACC: 9.375 ||LR: 0.00059424
Epoch:3 || epochiter: 1048/1071|| Totel iter 3190 || Loss: 2.762751||ACC: 28.125 ||LR: 0.00059611
Epoch:3 || epochiter: 1058/1071|| Totel iter 3200 || Loss: 3.171840||ACC: 18.750 ||LR: 0.00059797
Epoch:3 || epochiter: 1068/1071|| Totel iter 3210 || Loss: 2.802145||ACC: 21.875 ||LR: 0.00059984
Epoch:4 || epochiter: 7/1071|| Totel iter 3220 || Loss: 3.036381||ACC: 21.875 ||LR: 0.00100000
Epoch:4 || epochiter: 17/1071|| Totel iter 3230 || Loss: 3.150763||ACC: 21.875 ||LR: 0.00100000
Epoch:4 || epochiter: 27/1071|| Totel iter 3240 || Loss: 2.945536||ACC: 18.750 ||LR: 0.00100000
Epoch:4 || epochiter: 37/1071|| Totel iter 3250 || Loss: 3.440396||ACC: 15.625 ||LR: 0.00100000
Epoch:4 || epochiter: 47/1071|| Totel iter 3260 || Loss: 3.239812||ACC: 18.750 ||LR: 0.00100000
Epoch:4 || epochiter: 57/1071|| Totel iter 3270 || Loss: 3.066643||ACC: 18.750 ||LR: 0.00100000
Epoch:4 || epochiter: 67/1071|| Totel iter 3280 || Loss: 2.690973||ACC: 21.875 ||LR: 0.00100000
Epoch:4 || epochiter: 77/1071|| Totel iter 3290 || Loss: 3.176064||ACC: 25.000 ||LR: 0.00100000
Epoch:4 || epochiter: 87/1071|| Totel iter 3300 || Loss: 2.765640||ACC: 18.750 ||LR: 0.00100000
Epoch:4 || epochiter: 97/1071|| Totel iter 3310 || Loss: 2.899462||ACC: 25.000 ||LR: 0.00100000
Epoch:4 || epochiter: 107/1071|| Totel iter 3320 || Loss: 2.852348||ACC: 21.875 ||LR: 0.00100000
Epoch:4 || epochiter: 117/1071|| Totel iter 3330 || Loss: 3.293450||ACC: 12.500 ||LR: 0.00100000
Epoch:4 || epochiter: 127/1071|| Totel iter 3340 || Loss: 3.006507||ACC: 18.750 ||LR: 0.00100000
Epoch:4 || epochiter: 137/1071|| Totel iter 3350 || Loss: 2.630796||ACC: 28.125 ||LR: 0.00100000
Epoch:4 || epochiter: 147/1071|| Totel iter 3360 || Loss: 3.304983||ACC: 15.625 ||LR: 0.00100000
Epoch:4 || epochiter: 157/1071|| Totel iter 3370 || Loss: 2.968533||ACC: 12.500 ||LR: 0.00100000
Epoch:4 || epochiter: 167/1071|| Totel iter 3380 || Loss: 3.031661||ACC: 12.500 ||LR: 0.00100000
Epoch:4 || epochiter: 177/1071|| Totel iter 3390 || Loss: 2.679523||ACC: 28.125 ||LR: 0.00100000
Epoch:4 || epochiter: 187/1071|| Totel iter 3400 || Loss: 3.227016||ACC: 15.625 ||LR: 0.00100000
Epoch:4 || epochiter: 197/1071|| Totel iter 3410 || Loss: 3.130276||ACC: 28.125 ||LR: 0.00100000
Epoch:4 || epochiter: 207/1071|| Totel iter 3420 || Loss: 3.023013||ACC: 18.750 ||LR: 0.00100000
Epoch:4 || epochiter: 217/1071|| Totel iter 3430 || Loss: 2.866163||ACC: 18.750 ||LR: 0.00100000
Epoch:4 || epochiter: 227/1071|| Totel iter 3440 || Loss: 3.060941||ACC: 12.500 ||LR: 0.00100000
Epoch:4 || epochiter: 237/1071|| Totel iter 3450 || Loss: 2.894140||ACC: 25.000 ||LR: 0.00100000
Epoch:4 || epochiter: 247/1071|| Totel iter 3460 || Loss: 3.256023||ACC: 21.875 ||LR: 0.00100000
Epoch:4 || epochiter: 257/1071|| Totel iter 3470 || Loss: 3.105726||ACC: 9.375 ||LR: 0.00100000
Epoch:4 || epochiter: 267/1071|| Totel iter 3480 || Loss: 2.799547||ACC: 15.625 ||LR: 0.00100000
Epoch:4 || epochiter: 277/1071|| Totel iter 3490 || Loss: 2.865480||ACC: 21.875 ||LR: 0.00100000
Epoch:4 || epochiter: 287/1071|| Totel iter 3500 || Loss: 2.549924||ACC: 25.000 ||LR: 0.00100000
Epoch:4 || epochiter: 297/1071|| Totel iter 3510 || Loss: 3.426004||ACC: 12.500 ||LR: 0.00100000
Epoch:4 || epochiter: 307/1071|| Totel iter 3520 || Loss: 2.873178||ACC: 18.750 ||LR: 0.00100000
Epoch:4 || epochiter: 317/1071|| Totel iter 3530 || Loss: 2.942815||ACC: 25.000 ||LR: 0.00100000
Epoch:4 || epochiter: 327/1071|| Totel iter 3540 || Loss: 2.960176||ACC: 21.875 ||LR: 0.00100000
Epoch:4 || epochiter: 337/1071|| Totel iter 3550 || Loss: 3.055143||ACC: 12.500 ||LR: 0.00100000
Epoch:4 || epochiter: 347/1071|| Totel iter 3560 || Loss: 3.151531||ACC: 25.000 ||LR: 0.00100000
Epoch:4 || epochiter: 357/1071|| Totel iter 3570 || Loss: 3.044319||ACC: 15.625 ||LR: 0.00100000
Epoch:4 || epochiter: 367/1071|| Totel iter 3580 || Loss: 3.153924||ACC: 15.625 ||LR: 0.00100000
Epoch:4 || epochiter: 377/1071|| Totel iter 3590 || Loss: 3.056149||ACC: 34.375 ||LR: 0.00100000
Epoch:4 || epochiter: 387/1071|| Totel iter 3600 || Loss: 2.637675||ACC: 21.875 ||LR: 0.00100000
Epoch:4 || epochiter: 397/1071|| Totel iter 3610 || Loss: 2.948378||ACC: 9.375 ||LR: 0.00100000
Epoch:4 || epochiter: 407/1071|| Totel iter 3620 || Loss: 3.236356||ACC: 15.625 ||LR: 0.00100000
Epoch:4 || epochiter: 417/1071|| Totel iter 3630 || Loss: 2.819623||ACC: 18.750 ||LR: 0.00100000
Epoch:4 || epochiter: 427/1071|| Totel iter 3640 || Loss: 3.206472||ACC: 15.625 ||LR: 0.00100000
Epoch:4 || epochiter: 437/1071|| Totel iter 3650 || Loss: 3.018498||ACC: 21.875 ||LR: 0.00100000
Epoch:4 || epochiter: 447/1071|| Totel iter 3660 || Loss: 3.164525||ACC: 15.625 ||LR: 0.00100000
Epoch:4 || epochiter: 457/1071|| Totel iter 3670 || Loss: 3.331397||ACC: 6.250 ||LR: 0.00100000
Epoch:4 || epochiter: 467/1071|| Totel iter 3680 || Loss: 2.700730||ACC: 18.750 ||LR: 0.00100000
Epoch:4 || epochiter: 477/1071|| Totel iter 3690 || Loss: 2.997114||ACC: 12.500 ||LR: 0.00100000
Epoch:4 || epochiter: 487/1071|| Totel iter 3700 || Loss: 3.215243||ACC: 15.625 ||LR: 0.00100000
Epoch:4 || epochiter: 497/1071|| Totel iter 3710 || Loss: 2.680165||ACC: 25.000 ||LR: 0.00100000
Epoch:4 || epochiter: 507/1071|| Totel iter 3720 || Loss: 3.084059||ACC: 15.625 ||LR: 0.00100000
Epoch:4 || epochiter: 517/1071|| Totel iter 3730 || Loss: 3.150726||ACC: 15.625 ||LR: 0.00100000
Epoch:4 || epochiter: 527/1071|| Totel iter 3740 || Loss: 2.803498||ACC: 18.750 ||LR: 0.00100000
Epoch:4 || epochiter: 537/1071|| Totel iter 3750 || Loss: 3.122862||ACC: 21.875 ||LR: 0.00100000
Epoch:4 || epochiter: 547/1071|| Totel iter 3760 || Loss: 2.528683||ACC: 34.375 ||LR: 0.00100000
Epoch:4 || epochiter: 557/1071|| Totel iter 3770 || Loss: 2.993342||ACC: 18.750 ||LR: 0.00100000
Epoch:4 || epochiter: 567/1071|| Totel iter 3780 || Loss: 3.155050||ACC: 15.625 ||LR: 0.00100000
Epoch:4 || epochiter: 577/1071|| Totel iter 3790 || Loss: 2.938268||ACC: 28.125 ||LR: 0.00100000
Epoch:4 || epochiter: 587/1071|| Totel iter 3800 || Loss: 2.844329||ACC: 34.375 ||LR: 0.00100000
Epoch:4 || epochiter: 597/1071|| Totel iter 3810 || Loss: 2.777575||ACC: 21.875 ||LR: 0.00100000
Epoch:4 || epochiter: 607/1071|| Totel iter 3820 || Loss: 3.095350||ACC: 18.750 ||LR: 0.00100000
Epoch:4 || epochiter: 617/1071|| Totel iter 3830 || Loss: 3.056947||ACC: 15.625 ||LR: 0.00100000
Epoch:4 || epochiter: 627/1071|| Totel iter 3840 || Loss: 2.451870||ACC: 25.000 ||LR: 0.00100000
Epoch:4 || epochiter: 637/1071|| Totel iter 3850 || Loss: 3.003339||ACC: 9.375 ||LR: 0.00100000
Epoch:4 || epochiter: 647/1071|| Totel iter 3860 || Loss: 2.966263||ACC: 25.000 ||LR: 0.00100000
Epoch:4 || epochiter: 657/1071|| Totel iter 3870 || Loss: 2.589443||ACC: 43.750 ||LR: 0.00100000
Epoch:4 || epochiter: 667/1071|| Totel iter 3880 || Loss: 3.167785||ACC: 15.625 ||LR: 0.00100000
Epoch:4 || epochiter: 677/1071|| Totel iter 3890 || Loss: 2.952949||ACC: 18.750 ||LR: 0.00100000
Epoch:4 || epochiter: 687/1071|| Totel iter 3900 || Loss: 3.147258||ACC: 15.625 ||LR: 0.00100000
Epoch:4 || epochiter: 697/1071|| Totel iter 3910 || Loss: 3.305800||ACC: 6.250 ||LR: 0.00100000
Epoch:4 || epochiter: 707/1071|| Totel iter 3920 || Loss: 2.934075||ACC: 25.000 ||LR: 0.00100000
Epoch:4 || epochiter: 717/1071|| Totel iter 3930 || Loss: 2.789887||ACC: 25.000 ||LR: 0.00100000
Epoch:4 || epochiter: 727/1071|| Totel iter 3940 || Loss: 3.109238||ACC: 21.875 ||LR: 0.00100000
Epoch:4 || epochiter: 737/1071|| Totel iter 3950 || Loss: 3.122308||ACC: 18.750 ||LR: 0.00100000
Epoch:4 || epochiter: 747/1071|| Totel iter 3960 || Loss: 2.735204||ACC: 21.875 ||LR: 0.00100000
Epoch:4 || epochiter: 757/1071|| Totel iter 3970 || Loss: 3.155920||ACC: 28.125 ||LR: 0.00100000
Epoch:4 || epochiter: 767/1071|| Totel iter 3980 || Loss: 3.108529||ACC: 21.875 ||LR: 0.00100000
Epoch:4 || epochiter: 777/1071|| Totel iter 3990 || Loss: 2.799234||ACC: 31.250 ||LR: 0.00100000
Epoch:4 || epochiter: 787/1071|| Totel iter 4000 || Loss: 3.126857||ACC: 18.750 ||LR: 0.00100000
Epoch:4 || epochiter: 797/1071|| Totel iter 4010 || Loss: 2.419711||ACC: 34.375 ||LR: 0.00100000
Epoch:4 || epochiter: 807/1071|| Totel iter 4020 || Loss: 2.948595||ACC: 12.500 ||LR: 0.00100000
Epoch:4 || epochiter: 817/1071|| Totel iter 4030 || Loss: 2.559514||ACC: 21.875 ||LR: 0.00100000
Epoch:4 || epochiter: 827/1071|| Totel iter 4040 || Loss: 2.779221||ACC: 25.000 ||LR: 0.00100000
Epoch:4 || epochiter: 837/1071|| Totel iter 4050 || Loss: 2.678593||ACC: 34.375 ||LR: 0.00100000
Epoch:4 || epochiter: 847/1071|| Totel iter 4060 || Loss: 2.959426||ACC: 9.375 ||LR: 0.00100000
Epoch:4 || epochiter: 857/1071|| Totel iter 4070 || Loss: 2.912787||ACC: 21.875 ||LR: 0.00100000
Epoch:4 || epochiter: 867/1071|| Totel iter 4080 || Loss: 2.854870||ACC: 9.375 ||LR: 0.00100000
Epoch:4 || epochiter: 877/1071|| Totel iter 4090 || Loss: 2.684108||ACC: 31.250 ||LR: 0.00100000
Epoch:4 || epochiter: 887/1071|| Totel iter 4100 || Loss: 3.174376||ACC: 21.875 ||LR: 0.00100000
Epoch:4 || epochiter: 897/1071|| Totel iter 4110 || Loss: 2.908156||ACC: 25.000 ||LR: 0.00100000
Epoch:4 || epochiter: 907/1071|| Totel iter 4120 || Loss: 2.804064||ACC: 9.375 ||LR: 0.00100000
Epoch:4 || epochiter: 917/1071|| Totel iter 4130 || Loss: 2.605267||ACC: 28.125 ||LR: 0.00100000
Epoch:4 || epochiter: 927/1071|| Totel iter 4140 || Loss: 2.729688||ACC: 28.125 ||LR: 0.00100000
Epoch:4 || epochiter: 937/1071|| Totel iter 4150 || Loss: 2.515799||ACC: 34.375 ||LR: 0.00100000
Epoch:4 || epochiter: 947/1071|| Totel iter 4160 || Loss: 2.660490||ACC: 25.000 ||LR: 0.00100000
Epoch:4 || epochiter: 957/1071|| Totel iter 4170 || Loss: 3.166158||ACC: 18.750 ||LR: 0.00100000
Epoch:4 || epochiter: 967/1071|| Totel iter 4180 || Loss: 2.998132||ACC: 21.875 ||LR: 0.00100000
Epoch:4 || epochiter: 977/1071|| Totel iter 4190 || Loss: 2.789407||ACC: 15.625 ||LR: 0.00100000
Epoch:4 || epochiter: 987/1071|| Totel iter 4200 || Loss: 2.640576||ACC: 18.750 ||LR: 0.00100000
Epoch:4 || epochiter: 997/1071|| Totel iter 4210 || Loss: 2.836284||ACC: 25.000 ||LR: 0.00100000
Epoch:4 || epochiter: 1007/1071|| Totel iter 4220 || Loss: 2.832191||ACC: 15.625 ||LR: 0.00100000
Epoch:4 || epochiter: 1017/1071|| Totel iter 4230 || Loss: 2.571149||ACC: 40.625 ||LR: 0.00100000
Epoch:4 || epochiter: 1027/1071|| Totel iter 4240 || Loss: 2.363058||ACC: 34.375 ||LR: 0.00100000
Epoch:4 || epochiter: 1037/1071|| Totel iter 4250 || Loss: 2.664767||ACC: 28.125 ||LR: 0.00100000
Epoch:4 || epochiter: 1047/1071|| Totel iter 4260 || Loss: 2.933362||ACC: 25.000 ||LR: 0.00100000
Epoch:4 || epochiter: 1057/1071|| Totel iter 4270 || Loss: 2.647914||ACC: 31.250 ||LR: 0.00100000
Epoch:4 || epochiter: 1067/1071|| Totel iter 4280 || Loss: 2.828133||ACC: 25.000 ||LR: 0.00100000
Epoch:5 || epochiter: 6/1071|| Totel iter 4290 || Loss: 2.834327||ACC: 21.875 ||LR: 0.00100000
Epoch:5 || epochiter: 16/1071|| Totel iter 4300 || Loss: 3.006680||ACC: 18.750 ||LR: 0.00100000
Epoch:5 || epochiter: 26/1071|| Totel iter 4310 || Loss: 2.879219||ACC: 21.875 ||LR: 0.00100000
Epoch:5 || epochiter: 36/1071|| Totel iter 4320 || Loss: 2.912437||ACC: 28.125 ||LR: 0.00100000
Epoch:5 || epochiter: 46/1071|| Totel iter 4330 || Loss: 3.370800||ACC: 21.875 ||LR: 0.00100000
Epoch:5 || epochiter: 56/1071|| Totel iter 4340 || Loss: 2.982172||ACC: 18.750 ||LR: 0.00100000
Epoch:5 || epochiter: 66/1071|| Totel iter 4350 || Loss: 2.366691||ACC: 31.250 ||LR: 0.00100000
Epoch:5 || epochiter: 76/1071|| Totel iter 4360 || Loss: 2.694856||ACC: 21.875 ||LR: 0.00100000
Epoch:5 || epochiter: 86/1071|| Totel iter 4370 || Loss: 2.600894||ACC: 21.875 ||LR: 0.00100000
Epoch:5 || epochiter: 96/1071|| Totel iter 4380 || Loss: 2.384212||ACC: 25.000 ||LR: 0.00100000
Epoch:5 || epochiter: 106/1071|| Totel iter 4390 || Loss: 2.642625||ACC: 21.875 ||LR: 0.00100000
Epoch:5 || epochiter: 116/1071|| Totel iter 4400 || Loss: 3.105770||ACC: 28.125 ||LR: 0.00100000
Epoch:5 || epochiter: 126/1071|| Totel iter 4410 || Loss: 2.500829||ACC: 18.750 ||LR: 0.00100000
Epoch:5 || epochiter: 136/1071|| Totel iter 4420 || Loss: 2.790787||ACC: 15.625 ||LR: 0.00100000
Epoch:5 || epochiter: 146/1071|| Totel iter 4430 || Loss: 2.732660||ACC: 37.500 ||LR: 0.00100000
Epoch:5 || epochiter: 156/1071|| Totel iter 4440 || Loss: 2.818790||ACC: 18.750 ||LR: 0.00100000
Epoch:5 || epochiter: 166/1071|| Totel iter 4450 || Loss: 2.809565||ACC: 21.875 ||LR: 0.00100000
Epoch:5 || epochiter: 176/1071|| Totel iter 4460 || Loss: 2.742575||ACC: 28.125 ||LR: 0.00100000
Epoch:5 || epochiter: 186/1071|| Totel iter 4470 || Loss: 2.890653||ACC: 12.500 ||LR: 0.00100000
Epoch:5 || epochiter: 196/1071|| Totel iter 4480 || Loss: 2.790707||ACC: 18.750 ||LR: 0.00100000
Epoch:5 || epochiter: 206/1071|| Totel iter 4490 || Loss: 2.533541||ACC: 31.250 ||LR: 0.00100000
Epoch:5 || epochiter: 216/1071|| Totel iter 4500 || Loss: 2.527207||ACC: 28.125 ||LR: 0.00100000
Epoch:5 || epochiter: 226/1071|| Totel iter 4510 || Loss: 2.981938||ACC: 15.625 ||LR: 0.00100000
Epoch:5 || epochiter: 236/1071|| Totel iter 4520 || Loss: 2.775348||ACC: 18.750 ||LR: 0.00100000
Epoch:5 || epochiter: 246/1071|| Totel iter 4530 || Loss: 2.507708||ACC: 40.625 ||LR: 0.00100000
Epoch:5 || epochiter: 256/1071|| Totel iter 4540 || Loss: 2.881756||ACC: 21.875 ||LR: 0.00100000
Epoch:5 || epochiter: 266/1071|| Totel iter 4550 || Loss: 2.558816||ACC: 18.750 ||LR: 0.00100000
Epoch:5 || epochiter: 276/1071|| Totel iter 4560 || Loss: 2.958402||ACC: 18.750 ||LR: 0.00100000
Epoch:5 || epochiter: 286/1071|| Totel iter 4570 || Loss: 2.255823||ACC: 40.625 ||LR: 0.00100000
Epoch:5 || epochiter: 296/1071|| Totel iter 4580 || Loss: 2.593089||ACC: 12.500 ||LR: 0.00100000
Epoch:5 || epochiter: 306/1071|| Totel iter 4590 || Loss: 2.961105||ACC: 18.750 ||LR: 0.00100000
Epoch:5 || epochiter: 316/1071|| Totel iter 4600 || Loss: 2.896257||ACC: 18.750 ||LR: 0.00100000
Epoch:5 || epochiter: 326/1071|| Totel iter 4610 || Loss: 2.513729||ACC: 34.375 ||LR: 0.00100000
Epoch:5 || epochiter: 336/1071|| Totel iter 4620 || Loss: 2.566544||ACC: 31.250 ||LR: 0.00100000
Epoch:5 || epochiter: 346/1071|| Totel iter 4630 || Loss: 2.371395||ACC: 40.625 ||LR: 0.00100000
Epoch:5 || epochiter: 356/1071|| Totel iter 4640 || Loss: 2.926497||ACC: 31.250 ||LR: 0.00100000
Epoch:5 || epochiter: 366/1071|| Totel iter 4650 || Loss: 2.607316||ACC: 25.000 ||LR: 0.00100000
Epoch:5 || epochiter: 376/1071|| Totel iter 4660 || Loss: 2.513751||ACC: 31.250 ||LR: 0.00100000
Epoch:5 || epochiter: 386/1071|| Totel iter 4670 || Loss: 2.959158||ACC: 12.500 ||LR: 0.00100000
Epoch:5 || epochiter: 396/1071|| Totel iter 4680 || Loss: 2.566555||ACC: 31.250 ||LR: 0.00100000
Epoch:5 || epochiter: 406/1071|| Totel iter 4690 || Loss: 2.527595||ACC: 25.000 ||LR: 0.00100000
Epoch:5 || epochiter: 416/1071|| Totel iter 4700 || Loss: 3.043082||ACC: 25.000 ||LR: 0.00100000
Epoch:5 || epochiter: 426/1071|| Totel iter 4710 || Loss: 2.666963||ACC: 15.625 ||LR: 0.00100000
Epoch:5 || epochiter: 436/1071|| Totel iter 4720 || Loss: 2.882855||ACC: 21.875 ||LR: 0.00100000
Epoch:5 || epochiter: 446/1071|| Totel iter 4730 || Loss: 2.746698||ACC: 25.000 ||LR: 0.00100000
Epoch:5 || epochiter: 456/1071|| Totel iter 4740 || Loss: 2.514942||ACC: 40.625 ||LR: 0.00100000
Epoch:5 || epochiter: 466/1071|| Totel iter 4750 || Loss: 2.914796||ACC: 18.750 ||LR: 0.00100000
Epoch:5 || epochiter: 476/1071|| Totel iter 4760 || Loss: 2.516030||ACC: 31.250 ||LR: 0.00100000
Epoch:5 || epochiter: 486/1071|| Totel iter 4770 || Loss: 2.673945||ACC: 25.000 ||LR: 0.00100000
Epoch:5 || epochiter: 496/1071|| Totel iter 4780 || Loss: 2.702663||ACC: 34.375 ||LR: 0.00100000
Epoch:5 || epochiter: 506/1071|| Totel iter 4790 || Loss: 2.702859||ACC: 15.625 ||LR: 0.00100000
Epoch:5 || epochiter: 516/1071|| Totel iter 4800 || Loss: 2.554754||ACC: 28.125 ||LR: 0.00100000
Epoch:5 || epochiter: 526/1071|| Totel iter 4810 || Loss: 2.675866||ACC: 9.375 ||LR: 0.00100000
Epoch:5 || epochiter: 536/1071|| Totel iter 4820 || Loss: 2.915473||ACC: 25.000 ||LR: 0.00100000
Epoch:5 || epochiter: 546/1071|| Totel iter 4830 || Loss: 2.563379||ACC: 28.125 ||LR: 0.00100000
Epoch:5 || epochiter: 556/1071|| Totel iter 4840 || Loss: 2.340640||ACC: 40.625 ||LR: 0.00100000
Epoch:5 || epochiter: 566/1071|| Totel iter 4850 || Loss: 2.775436||ACC: 18.750 ||LR: 0.00100000
Epoch:5 || epochiter: 576/1071|| Totel iter 4860 || Loss: 2.581059||ACC: 34.375 ||LR: 0.00100000
Epoch:5 || epochiter: 586/1071|| Totel iter 4870 || Loss: 2.758094||ACC: 21.875 ||LR: 0.00100000
Epoch:5 || epochiter: 596/1071|| Totel iter 4880 || Loss: 2.777239||ACC: 28.125 ||LR: 0.00100000
Epoch:5 || epochiter: 606/1071|| Totel iter 4890 || Loss: 2.902950||ACC: 12.500 ||LR: 0.00100000
Epoch:5 || epochiter: 616/1071|| Totel iter 4900 || Loss: 2.711901||ACC: 28.125 ||LR: 0.00100000
Epoch:5 || epochiter: 626/1071|| Totel iter 4910 || Loss: 2.553458||ACC: 34.375 ||LR: 0.00100000
Epoch:5 || epochiter: 636/1071|| Totel iter 4920 || Loss: 2.650139||ACC: 21.875 ||LR: 0.00100000
Epoch:5 || epochiter: 646/1071|| Totel iter 4930 || Loss: 2.534311||ACC: 31.250 ||LR: 0.00100000
Epoch:5 || epochiter: 656/1071|| Totel iter 4940 || Loss: 2.766549||ACC: 9.375 ||LR: 0.00100000
Epoch:5 || epochiter: 666/1071|| Totel iter 4950 || Loss: 2.874092||ACC: 15.625 ||LR: 0.00100000
Epoch:5 || epochiter: 676/1071|| Totel iter 4960 || Loss: 2.862659||ACC: 18.750 ||LR: 0.00100000
Epoch:5 || epochiter: 686/1071|| Totel iter 4970 || Loss: 2.466666||ACC: 31.250 ||LR: 0.00100000
Epoch:5 || epochiter: 696/1071|| Totel iter 4980 || Loss: 2.538830||ACC: 28.125 ||LR: 0.00100000
Epoch:5 || epochiter: 706/1071|| Totel iter 4990 || Loss: 2.825630||ACC: 25.000 ||LR: 0.00100000
Epoch:5 || epochiter: 716/1071|| Totel iter 5000 || Loss: 2.986221||ACC: 21.875 ||LR: 0.00100000
Epoch:5 || epochiter: 726/1071|| Totel iter 5010 || Loss: 3.058852||ACC: 12.500 ||LR: 0.00100000
Epoch:5 || epochiter: 736/1071|| Totel iter 5020 || Loss: 2.747160||ACC: 18.750 ||LR: 0.00100000
Epoch:5 || epochiter: 746/1071|| Totel iter 5030 || Loss: 2.581069||ACC: 31.250 ||LR: 0.00100000
Epoch:5 || epochiter: 756/1071|| Totel iter 5040 || Loss: 2.367226||ACC: 28.125 ||LR: 0.00100000
Epoch:5 || epochiter: 766/1071|| Totel iter 5050 || Loss: 3.175516||ACC: 18.750 ||LR: 0.00100000
Epoch:5 || epochiter: 776/1071|| Totel iter 5060 || Loss: 3.064223||ACC: 21.875 ||LR: 0.00100000
Epoch:5 || epochiter: 786/1071|| Totel iter 5070 || Loss: 3.222018||ACC: 21.875 ||LR: 0.00100000
Epoch:5 || epochiter: 796/1071|| Totel iter 5080 || Loss: 2.510346||ACC: 40.625 ||LR: 0.00100000
Epoch:5 || epochiter: 806/1071|| Totel iter 5090 || Loss: 3.130528||ACC: 18.750 ||LR: 0.00100000
Epoch:5 || epochiter: 816/1071|| Totel iter 5100 || Loss: 3.042241||ACC: 18.750 ||LR: 0.00100000
Epoch:5 || epochiter: 826/1071|| Totel iter 5110 || Loss: 2.016131||ACC: 40.625 ||LR: 0.00100000
Epoch:5 || epochiter: 836/1071|| Totel iter 5120 || Loss: 2.408780||ACC: 28.125 ||LR: 0.00100000
Epoch:5 || epochiter: 846/1071|| Totel iter 5130 || Loss: 2.930052||ACC: 3.125 ||LR: 0.00100000
Epoch:5 || epochiter: 856/1071|| Totel iter 5140 || Loss: 2.830436||ACC: 28.125 ||LR: 0.00100000
Epoch:5 || epochiter: 866/1071|| Totel iter 5150 || Loss: 3.467520||ACC: 9.375 ||LR: 0.00100000
Epoch:5 || epochiter: 876/1071|| Totel iter 5160 || Loss: 2.181014||ACC: 40.625 ||LR: 0.00100000
Epoch:5 || epochiter: 886/1071|| Totel iter 5170 || Loss: 2.582231||ACC: 25.000 ||LR: 0.00100000
Epoch:5 || epochiter: 896/1071|| Totel iter 5180 || Loss: 2.804684||ACC: 25.000 ||LR: 0.00100000
Epoch:5 || epochiter: 906/1071|| Totel iter 5190 || Loss: 3.124013||ACC: 18.750 ||LR: 0.00100000
Epoch:5 || epochiter: 916/1071|| Totel iter 5200 || Loss: 2.494708||ACC: 40.625 ||LR: 0.00100000
Epoch:5 || epochiter: 926/1071|| Totel iter 5210 || Loss: 2.938699||ACC: 15.625 ||LR: 0.00100000
Epoch:5 || epochiter: 936/1071|| Totel iter 5220 || Loss: 2.790488||ACC: 18.750 ||LR: 0.00100000
Epoch:5 || epochiter: 946/1071|| Totel iter 5230 || Loss: 2.761897||ACC: 18.750 ||LR: 0.00100000
Epoch:5 || epochiter: 956/1071|| Totel iter 5240 || Loss: 2.838878||ACC: 25.000 ||LR: 0.00100000
Epoch:5 || epochiter: 966/1071|| Totel iter 5250 || Loss: 2.203896||ACC: 28.125 ||LR: 0.00100000
Epoch:5 || epochiter: 976/1071|| Totel iter 5260 || Loss: 2.700560||ACC: 18.750 ||LR: 0.00100000
Epoch:5 || epochiter: 986/1071|| Totel iter 5270 || Loss: 2.572412||ACC: 34.375 ||LR: 0.00100000
Epoch:5 || epochiter: 996/1071|| Totel iter 5280 || Loss: 2.489854||ACC: 31.250 ||LR: 0.00100000
Epoch:5 || epochiter: 1006/1071|| Totel iter 5290 || Loss: 2.600753||ACC: 21.875 ||LR: 0.00100000
Epoch:5 || epochiter: 1016/1071|| Totel iter 5300 || Loss: 2.160256||ACC: 25.000 ||LR: 0.00100000
Epoch:5 || epochiter: 1026/1071|| Totel iter 5310 || Loss: 2.994460||ACC: 21.875 ||LR: 0.00100000
Epoch:5 || epochiter: 1036/1071|| Totel iter 5320 || Loss: 2.558517||ACC: 34.375 ||LR: 0.00100000
Epoch:5 || epochiter: 1046/1071|| Totel iter 5330 || Loss: 2.856484||ACC: 28.125 ||LR: 0.00100000
Epoch:5 || epochiter: 1056/1071|| Totel iter 5340 || Loss: 2.466927||ACC: 28.125 ||LR: 0.00100000
Epoch:5 || epochiter: 1066/1071|| Totel iter 5350 || Loss: 2.937867||ACC: 18.750 ||LR: 0.00100000
Epoch:6 || epochiter: 5/1071|| Totel iter 5360 || Loss: 2.792790||ACC: 15.625 ||LR: 0.00100000
Epoch:6 || epochiter: 15/1071|| Totel iter 5370 || Loss: 2.556389||ACC: 18.750 ||LR: 0.00100000
Epoch:6 || epochiter: 25/1071|| Totel iter 5380 || Loss: 2.279732||ACC: 28.125 ||LR: 0.00100000
Epoch:6 || epochiter: 35/1071|| Totel iter 5390 || Loss: 2.219705||ACC: 34.375 ||LR: 0.00100000
Epoch:6 || epochiter: 45/1071|| Totel iter 5400 || Loss: 2.329953||ACC: 31.250 ||LR: 0.00100000
Epoch:6 || epochiter: 55/1071|| Totel iter 5410 || Loss: 2.356352||ACC: 34.375 ||LR: 0.00100000
Epoch:6 || epochiter: 65/1071|| Totel iter 5420 || Loss: 2.404423||ACC: 25.000 ||LR: 0.00100000
Epoch:6 || epochiter: 75/1071|| Totel iter 5430 || Loss: 2.055487||ACC: 50.000 ||LR: 0.00100000
Epoch:6 || epochiter: 85/1071|| Totel iter 5440 || Loss: 2.690172||ACC: 18.750 ||LR: 0.00100000
Epoch:6 || epochiter: 95/1071|| Totel iter 5450 || Loss: 2.515375||ACC: 40.625 ||LR: 0.00100000
Epoch:6 || epochiter: 105/1071|| Totel iter 5460 || Loss: 2.378260||ACC: 46.875 ||LR: 0.00100000
Epoch:6 || epochiter: 115/1071|| Totel iter 5470 || Loss: 2.604135||ACC: 25.000 ||LR: 0.00100000
Epoch:6 || epochiter: 125/1071|| Totel iter 5480 || Loss: 2.496659||ACC: 28.125 ||LR: 0.00100000
Epoch:6 || epochiter: 135/1071|| Totel iter 5490 || Loss: 2.587067||ACC: 25.000 ||LR: 0.00100000
Epoch:6 || epochiter: 145/1071|| Totel iter 5500 || Loss: 2.606736||ACC: 28.125 ||LR: 0.00100000
Epoch:6 || epochiter: 155/1071|| Totel iter 5510 || Loss: 2.142560||ACC: 34.375 ||LR: 0.00100000
Epoch:6 || epochiter: 165/1071|| Totel iter 5520 || Loss: 2.671000||ACC: 28.125 ||LR: 0.00100000
Epoch:6 || epochiter: 175/1071|| Totel iter 5530 || Loss: 2.672386||ACC: 28.125 ||LR: 0.00100000
Epoch:6 || epochiter: 185/1071|| Totel iter 5540 || Loss: 2.565758||ACC: 25.000 ||LR: 0.00100000
Epoch:6 || epochiter: 195/1071|| Totel iter 5550 || Loss: 2.675043||ACC: 34.375 ||LR: 0.00100000
Epoch:6 || epochiter: 205/1071|| Totel iter 5560 || Loss: 2.316466||ACC: 34.375 ||LR: 0.00100000
Epoch:6 || epochiter: 215/1071|| Totel iter 5570 || Loss: 3.138123||ACC: 15.625 ||LR: 0.00100000
Epoch:6 || epochiter: 225/1071|| Totel iter 5580 || Loss: 2.441385||ACC: 25.000 ||LR: 0.00100000
Epoch:6 || epochiter: 235/1071|| Totel iter 5590 || Loss: 2.332653||ACC: 31.250 ||LR: 0.00100000
Epoch:6 || epochiter: 245/1071|| Totel iter 5600 || Loss: 3.040867||ACC: 21.875 ||LR: 0.00100000
Epoch:6 || epochiter: 255/1071|| Totel iter 5610 || Loss: 2.475621||ACC: 28.125 ||LR: 0.00100000
Epoch:6 || epochiter: 265/1071|| Totel iter 5620 || Loss: 2.733511||ACC: 15.625 ||LR: 0.00100000
Epoch:6 || epochiter: 275/1071|| Totel iter 5630 || Loss: 2.643821||ACC: 21.875 ||LR: 0.00100000
Epoch:6 || epochiter: 285/1071|| Totel iter 5640 || Loss: 2.720559||ACC: 21.875 ||LR: 0.00100000
Epoch:6 || epochiter: 295/1071|| Totel iter 5650 || Loss: 2.328756||ACC: 34.375 ||LR: 0.00100000
Epoch:6 || epochiter: 305/1071|| Totel iter 5660 || Loss: 2.466188||ACC: 28.125 ||LR: 0.00100000
Epoch:6 || epochiter: 315/1071|| Totel iter 5670 || Loss: 2.390332||ACC: 37.500 ||LR: 0.00100000
Epoch:6 || epochiter: 325/1071|| Totel iter 5680 || Loss: 2.780974||ACC: 28.125 ||LR: 0.00100000
Epoch:6 || epochiter: 335/1071|| Totel iter 5690 || Loss: 2.148270||ACC: 37.500 ||LR: 0.00100000
Epoch:6 || epochiter: 345/1071|| Totel iter 5700 || Loss: 2.605503||ACC: 28.125 ||LR: 0.00100000
Epoch:6 || epochiter: 355/1071|| Totel iter 5710 || Loss: 2.690675||ACC: 18.750 ||LR: 0.00100000
Epoch:6 || epochiter: 365/1071|| Totel iter 5720 || Loss: 2.294705||ACC: 31.250 ||LR: 0.00100000
Epoch:6 || epochiter: 375/1071|| Totel iter 5730 || Loss: 2.238760||ACC: 43.750 ||LR: 0.00100000
Epoch:6 || epochiter: 385/1071|| Totel iter 5740 || Loss: 2.871992||ACC: 18.750 ||LR: 0.00100000
Epoch:6 || epochiter: 395/1071|| Totel iter 5750 || Loss: 2.060866||ACC: 46.875 ||LR: 0.00100000
Epoch:6 || epochiter: 405/1071|| Totel iter 5760 || Loss: 2.572658||ACC: 21.875 ||LR: 0.00100000
Epoch:6 || epochiter: 415/1071|| Totel iter 5770 || Loss: 2.719497||ACC: 31.250 ||LR: 0.00100000
Epoch:6 || epochiter: 425/1071|| Totel iter 5780 || Loss: 2.710912||ACC: 28.125 ||LR: 0.00100000
Epoch:6 || epochiter: 435/1071|| Totel iter 5790 || Loss: 2.434793||ACC: 31.250 ||LR: 0.00100000
Epoch:6 || epochiter: 445/1071|| Totel iter 5800 || Loss: 2.377230||ACC: 21.875 ||LR: 0.00100000
Epoch:6 || epochiter: 455/1071|| Totel iter 5810 || Loss: 2.872963||ACC: 31.250 ||LR: 0.00100000
Epoch:6 || epochiter: 465/1071|| Totel iter 5820 || Loss: 2.326129||ACC: 31.250 ||LR: 0.00100000
Epoch:6 || epochiter: 475/1071|| Totel iter 5830 || Loss: 2.952941||ACC: 21.875 ||LR: 0.00100000
Epoch:6 || epochiter: 485/1071|| Totel iter 5840 || Loss: 3.031072||ACC: 21.875 ||LR: 0.00100000
Epoch:6 || epochiter: 495/1071|| Totel iter 5850 || Loss: 2.322841||ACC: 34.375 ||LR: 0.00100000
Epoch:6 || epochiter: 505/1071|| Totel iter 5860 || Loss: 2.470673||ACC: 28.125 ||LR: 0.00100000
Epoch:6 || epochiter: 515/1071|| Totel iter 5870 || Loss: 2.675201||ACC: 34.375 ||LR: 0.00100000
Epoch:6 || epochiter: 525/1071|| Totel iter 5880 || Loss: 2.689262||ACC: 21.875 ||LR: 0.00100000
Epoch:6 || epochiter: 535/1071|| Totel iter 5890 || Loss: 2.090231||ACC: 34.375 ||LR: 0.00100000
Epoch:6 || epochiter: 545/1071|| Totel iter 5900 || Loss: 2.441617||ACC: 25.000 ||LR: 0.00100000
Epoch:6 || epochiter: 555/1071|| Totel iter 5910 || Loss: 2.615114||ACC: 25.000 ||LR: 0.00100000
Epoch:6 || epochiter: 565/1071|| Totel iter 5920 || Loss: 2.470454||ACC: 18.750 ||LR: 0.00100000
Epoch:6 || epochiter: 575/1071|| Totel iter 5930 || Loss: 2.685021||ACC: 28.125 ||LR: 0.00100000
Epoch:6 || epochiter: 585/1071|| Totel iter 5940 || Loss: 2.524968||ACC: 28.125 ||LR: 0.00100000
Epoch:6 || epochiter: 595/1071|| Totel iter 5950 || Loss: 2.856087||ACC: 9.375 ||LR: 0.00100000
Epoch:6 || epochiter: 605/1071|| Totel iter 5960 || Loss: 2.621847||ACC: 34.375 ||LR: 0.00100000
Epoch:6 || epochiter: 615/1071|| Totel iter 5970 || Loss: 2.903098||ACC: 12.500 ||LR: 0.00100000
Epoch:6 || epochiter: 625/1071|| Totel iter 5980 || Loss: 2.920976||ACC: 21.875 ||LR: 0.00100000
Epoch:6 || epochiter: 635/1071|| Totel iter 5990 || Loss: 2.537001||ACC: 31.250 ||LR: 0.00100000
Epoch:6 || epochiter: 645/1071|| Totel iter 6000 || Loss: 2.627934||ACC: 25.000 ||LR: 0.00100000
Epoch:6 || epochiter: 655/1071|| Totel iter 6010 || Loss: 2.737794||ACC: 21.875 ||LR: 0.00100000
Epoch:6 || epochiter: 665/1071|| Totel iter 6020 || Loss: 2.651453||ACC: 18.750 ||LR: 0.00100000
Epoch:6 || epochiter: 675/1071|| Totel iter 6030 || Loss: 2.419431||ACC: 37.500 ||LR: 0.00100000
Epoch:6 || epochiter: 685/1071|| Totel iter 6040 || Loss: 2.665859||ACC: 28.125 ||LR: 0.00100000
Epoch:6 || epochiter: 695/1071|| Totel iter 6050 || Loss: 2.254011||ACC: 43.750 ||LR: 0.00100000
Epoch:6 || epochiter: 705/1071|| Totel iter 6060 || Loss: 2.555490||ACC: 34.375 ||LR: 0.00100000
Epoch:6 || epochiter: 715/1071|| Totel iter 6070 || Loss: 2.958891||ACC: 18.750 ||LR: 0.00100000
Epoch:6 || epochiter: 725/1071|| Totel iter 6080 || Loss: 2.991559||ACC: 25.000 ||LR: 0.00100000
Epoch:6 || epochiter: 735/1071|| Totel iter 6090 || Loss: 2.359413||ACC: 37.500 ||LR: 0.00100000
Epoch:6 || epochiter: 745/1071|| Totel iter 6100 || Loss: 2.568532||ACC: 34.375 ||LR: 0.00100000
Epoch:6 || epochiter: 755/1071|| Totel iter 6110 || Loss: 2.542362||ACC: 31.250 ||LR: 0.00100000
Epoch:6 || epochiter: 765/1071|| Totel iter 6120 || Loss: 2.511822||ACC: 37.500 ||LR: 0.00100000
Epoch:6 || epochiter: 775/1071|| Totel iter 6130 || Loss: 2.423719||ACC: 28.125 ||LR: 0.00100000
Epoch:6 || epochiter: 785/1071|| Totel iter 6140 || Loss: 2.370180||ACC: 34.375 ||LR: 0.00100000
Epoch:6 || epochiter: 795/1071|| Totel iter 6150 || Loss: 2.598531||ACC: 34.375 ||LR: 0.00100000
Epoch:6 || epochiter: 805/1071|| Totel iter 6160 || Loss: 2.649433||ACC: 37.500 ||LR: 0.00100000
Epoch:6 || epochiter: 815/1071|| Totel iter 6170 || Loss: 2.767935||ACC: 15.625 ||LR: 0.00100000
Epoch:6 || epochiter: 825/1071|| Totel iter 6180 || Loss: 2.805491||ACC: 28.125 ||LR: 0.00100000
Epoch:6 || epochiter: 835/1071|| Totel iter 6190 || Loss: 2.666516||ACC: 21.875 ||LR: 0.00100000
Epoch:6 || epochiter: 845/1071|| Totel iter 6200 || Loss: 2.569144||ACC: 28.125 ||LR: 0.00100000
Epoch:6 || epochiter: 855/1071|| Totel iter 6210 || Loss: 2.578136||ACC: 21.875 ||LR: 0.00100000
Epoch:6 || epochiter: 865/1071|| Totel iter 6220 || Loss: 2.473544||ACC: 37.500 ||LR: 0.00100000
Epoch:6 || epochiter: 875/1071|| Totel iter 6230 || Loss: 2.413466||ACC: 18.750 ||LR: 0.00100000
Epoch:6 || epochiter: 885/1071|| Totel iter 6240 || Loss: 2.350524||ACC: 34.375 ||LR: 0.00100000
Epoch:6 || epochiter: 895/1071|| Totel iter 6250 || Loss: 2.787855||ACC: 21.875 ||LR: 0.00100000
Epoch:6 || epochiter: 905/1071|| Totel iter 6260 || Loss: 2.276618||ACC: 34.375 ||LR: 0.00100000
Epoch:6 || epochiter: 915/1071|| Totel iter 6270 || Loss: 2.181416||ACC: 37.500 ||LR: 0.00100000
Epoch:6 || epochiter: 925/1071|| Totel iter 6280 || Loss: 2.040648||ACC: 40.625 ||LR: 0.00100000
Epoch:6 || epochiter: 935/1071|| Totel iter 6290 || Loss: 2.864802||ACC: 21.875 ||LR: 0.00100000
Epoch:6 || epochiter: 945/1071|| Totel iter 6300 || Loss: 2.341002||ACC: 34.375 ||LR: 0.00100000
Epoch:6 || epochiter: 955/1071|| Totel iter 6310 || Loss: 2.218616||ACC: 37.500 ||LR: 0.00100000
Epoch:6 || epochiter: 965/1071|| Totel iter 6320 || Loss: 2.178623||ACC: 40.625 ||LR: 0.00100000
Epoch:6 || epochiter: 975/1071|| Totel iter 6330 || Loss: 2.584810||ACC: 28.125 ||LR: 0.00100000
Epoch:6 || epochiter: 985/1071|| Totel iter 6340 || Loss: 3.081612||ACC: 28.125 ||LR: 0.00100000
Epoch:6 || epochiter: 995/1071|| Totel iter 6350 || Loss: 2.497336||ACC: 37.500 ||LR: 0.00100000
Epoch:6 || epochiter: 1005/1071|| Totel iter 6360 || Loss: 2.600316||ACC: 31.250 ||LR: 0.00100000
Epoch:6 || epochiter: 1015/1071|| Totel iter 6370 || Loss: 2.225353||ACC: 25.000 ||LR: 0.00100000
Epoch:6 || epochiter: 1025/1071|| Totel iter 6380 || Loss: 2.498473||ACC: 28.125 ||LR: 0.00100000
Epoch:6 || epochiter: 1035/1071|| Totel iter 6390 || Loss: 2.620840||ACC: 34.375 ||LR: 0.00100000
Epoch:6 || epochiter: 1045/1071|| Totel iter 6400 || Loss: 2.759909||ACC: 40.625 ||LR: 0.00100000
Epoch:6 || epochiter: 1055/1071|| Totel iter 6410 || Loss: 2.605206||ACC: 31.250 ||LR: 0.00100000
Epoch:6 || epochiter: 1065/1071|| Totel iter 6420 || Loss: 2.174994||ACC: 43.750 ||LR: 0.00100000
Epoch:7 || epochiter: 4/1071|| Totel iter 6430 || Loss: 2.340063||ACC: 37.500 ||LR: 0.00100000
Epoch:7 || epochiter: 14/1071|| Totel iter 6440 || Loss: 2.260477||ACC: 40.625 ||LR: 0.00100000
Epoch:7 || epochiter: 24/1071|| Totel iter 6450 || Loss: 2.292178||ACC: 34.375 ||LR: 0.00100000
Epoch:7 || epochiter: 34/1071|| Totel iter 6460 || Loss: 2.222547||ACC: 31.250 ||LR: 0.00100000
Epoch:7 || epochiter: 44/1071|| Totel iter 6470 || Loss: 2.071616||ACC: 53.125 ||LR: 0.00100000
Epoch:7 || epochiter: 54/1071|| Totel iter 6480 || Loss: 2.589900||ACC: 37.500 ||LR: 0.00100000
Epoch:7 || epochiter: 64/1071|| Totel iter 6490 || Loss: 2.023581||ACC: 31.250 ||LR: 0.00100000
Epoch:7 || epochiter: 74/1071|| Totel iter 6500 || Loss: 1.846906||ACC: 40.625 ||LR: 0.00100000
Epoch:7 || epochiter: 84/1071|| Totel iter 6510 || Loss: 2.621136||ACC: 31.250 ||LR: 0.00100000
Epoch:7 || epochiter: 94/1071|| Totel iter 6520 || Loss: 2.145854||ACC: 37.500 ||LR: 0.00100000
Epoch:7 || epochiter: 104/1071|| Totel iter 6530 || Loss: 2.785836||ACC: 25.000 ||LR: 0.00100000
Epoch:7 || epochiter: 114/1071|| Totel iter 6540 || Loss: 2.400951||ACC: 28.125 ||LR: 0.00100000
Epoch:7 || epochiter: 124/1071|| Totel iter 6550 || Loss: 2.343959||ACC: 28.125 ||LR: 0.00100000
Epoch:7 || epochiter: 134/1071|| Totel iter 6560 || Loss: 2.166417||ACC: 28.125 ||LR: 0.00100000
Epoch:7 || epochiter: 144/1071|| Totel iter 6570 || Loss: 2.741873||ACC: 28.125 ||LR: 0.00100000
Epoch:7 || epochiter: 154/1071|| Totel iter 6580 || Loss: 2.823285||ACC: 18.750 ||LR: 0.00100000
Epoch:7 || epochiter: 164/1071|| Totel iter 6590 || Loss: 2.711531||ACC: 34.375 ||LR: 0.00100000
Epoch:7 || epochiter: 174/1071|| Totel iter 6600 || Loss: 2.558064||ACC: 31.250 ||LR: 0.00100000
Epoch:7 || epochiter: 184/1071|| Totel iter 6610 || Loss: 2.456396||ACC: 15.625 ||LR: 0.00100000
Epoch:7 || epochiter: 194/1071|| Totel iter 6620 || Loss: 2.896879||ACC: 21.875 ||LR: 0.00100000
Epoch:7 || epochiter: 204/1071|| Totel iter 6630 || Loss: 2.385382||ACC: 31.250 ||LR: 0.00100000
Epoch:7 || epochiter: 214/1071|| Totel iter 6640 || Loss: 2.503793||ACC: 25.000 ||LR: 0.00100000
Epoch:7 || epochiter: 224/1071|| Totel iter 6650 || Loss: 2.202929||ACC: 34.375 ||LR: 0.00100000
Epoch:7 || epochiter: 234/1071|| Totel iter 6660 || Loss: 2.133908||ACC: 40.625 ||LR: 0.00100000
Epoch:7 || epochiter: 244/1071|| Totel iter 6670 || Loss: 2.716177||ACC: 28.125 ||LR: 0.00100000
Epoch:7 || epochiter: 254/1071|| Totel iter 6680 || Loss: 2.011037||ACC: 46.875 ||LR: 0.00100000
Epoch:7 || epochiter: 264/1071|| Totel iter 6690 || Loss: 2.177939||ACC: 28.125 ||LR: 0.00100000
Epoch:7 || epochiter: 274/1071|| Totel iter 6700 || Loss: 2.164063||ACC: 34.375 ||LR: 0.00100000
Epoch:7 || epochiter: 284/1071|| Totel iter 6710 || Loss: 2.583865||ACC: 34.375 ||LR: 0.00100000
Epoch:7 || epochiter: 294/1071|| Totel iter 6720 || Loss: 2.303705||ACC: 34.375 ||LR: 0.00100000
Epoch:7 || epochiter: 304/1071|| Totel iter 6730 || Loss: 2.509685||ACC: 34.375 ||LR: 0.00100000
Epoch:7 || epochiter: 314/1071|| Totel iter 6740 || Loss: 2.401519||ACC: 25.000 ||LR: 0.00100000
Epoch:7 || epochiter: 324/1071|| Totel iter 6750 || Loss: 2.442660||ACC: 31.250 ||LR: 0.00100000
Epoch:7 || epochiter: 334/1071|| Totel iter 6760 || Loss: 2.537990||ACC: 25.000 ||LR: 0.00100000
Epoch:7 || epochiter: 344/1071|| Totel iter 6770 || Loss: 2.806256||ACC: 15.625 ||LR: 0.00100000
Epoch:7 || epochiter: 354/1071|| Totel iter 6780 || Loss: 2.446306||ACC: 43.750 ||LR: 0.00100000
Epoch:7 || epochiter: 364/1071|| Totel iter 6790 || Loss: 2.232530||ACC: 31.250 ||LR: 0.00100000
Epoch:7 || epochiter: 374/1071|| Totel iter 6800 || Loss: 2.405402||ACC: 34.375 ||LR: 0.00100000
Epoch:7 || epochiter: 384/1071|| Totel iter 6810 || Loss: 1.600639||ACC: 46.875 ||LR: 0.00100000
Epoch:7 || epochiter: 394/1071|| Totel iter 6820 || Loss: 2.900589||ACC: 21.875 ||LR: 0.00100000
Epoch:7 || epochiter: 404/1071|| Totel iter 6830 || Loss: 2.505507||ACC: 31.250 ||LR: 0.00100000
Epoch:7 || epochiter: 414/1071|| Totel iter 6840 || Loss: 2.102894||ACC: 43.750 ||LR: 0.00100000
Epoch:7 || epochiter: 424/1071|| Totel iter 6850 || Loss: 2.921668||ACC: 31.250 ||LR: 0.00100000
Epoch:7 || epochiter: 434/1071|| Totel iter 6860 || Loss: 2.574857||ACC: 34.375 ||LR: 0.00100000
Epoch:7 || epochiter: 444/1071|| Totel iter 6870 || Loss: 2.168502||ACC: 46.875 ||LR: 0.00100000
Epoch:7 || epochiter: 454/1071|| Totel iter 6880 || Loss: 2.423521||ACC: 31.250 ||LR: 0.00100000
Epoch:7 || epochiter: 464/1071|| Totel iter 6890 || Loss: 3.155296||ACC: 28.125 ||LR: 0.00100000
Epoch:7 || epochiter: 474/1071|| Totel iter 6900 || Loss: 2.413901||ACC: 25.000 ||LR: 0.00100000
Epoch:7 || epochiter: 484/1071|| Totel iter 6910 || Loss: 2.440860||ACC: 28.125 ||LR: 0.00100000
Epoch:7 || epochiter: 494/1071|| Totel iter 6920 || Loss: 2.837694||ACC: 21.875 ||LR: 0.00100000
Epoch:7 || epochiter: 504/1071|| Totel iter 6930 || Loss: 2.641932||ACC: 25.000 ||LR: 0.00100000
Epoch:7 || epochiter: 514/1071|| Totel iter 6940 || Loss: 2.926942||ACC: 21.875 ||LR: 0.00100000
Epoch:7 || epochiter: 524/1071|| Totel iter 6950 || Loss: 2.037901||ACC: 40.625 ||LR: 0.00100000
Epoch:7 || epochiter: 534/1071|| Totel iter 6960 || Loss: 2.443946||ACC: 40.625 ||LR: 0.00100000
Epoch:7 || epochiter: 544/1071|| Totel iter 6970 || Loss: 2.370406||ACC: 43.750 ||LR: 0.00100000
Epoch:7 || epochiter: 554/1071|| Totel iter 6980 || Loss: 2.513847||ACC: 34.375 ||LR: 0.00100000
Epoch:7 || epochiter: 564/1071|| Totel iter 6990 || Loss: 1.908294||ACC: 53.125 ||LR: 0.00100000
Epoch:7 || epochiter: 574/1071|| Totel iter 7000 || Loss: 2.339913||ACC: 28.125 ||LR: 0.00100000
Epoch:7 || epochiter: 584/1071|| Totel iter 7010 || Loss: 2.319433||ACC: 40.625 ||LR: 0.00100000
Epoch:7 || epochiter: 594/1071|| Totel iter 7020 || Loss: 2.028512||ACC: 28.125 ||LR: 0.00100000
Epoch:7 || epochiter: 604/1071|| Totel iter 7030 || Loss: 3.063173||ACC: 25.000 ||LR: 0.00100000
Epoch:7 || epochiter: 614/1071|| Totel iter 7040 || Loss: 2.590822||ACC: 34.375 ||LR: 0.00100000
Epoch:7 || epochiter: 624/1071|| Totel iter 7050 || Loss: 2.262020||ACC: 31.250 ||LR: 0.00100000
Epoch:7 || epochiter: 634/1071|| Totel iter 7060 || Loss: 1.922591||ACC: 46.875 ||LR: 0.00100000
Epoch:7 || epochiter: 644/1071|| Totel iter 7070 || Loss: 2.102875||ACC: 40.625 ||LR: 0.00100000
Epoch:7 || epochiter: 654/1071|| Totel iter 7080 || Loss: 2.153885||ACC: 43.750 ||LR: 0.00100000
Epoch:7 || epochiter: 664/1071|| Totel iter 7090 || Loss: 2.282578||ACC: 34.375 ||LR: 0.00100000
Epoch:7 || epochiter: 674/1071|| Totel iter 7100 || Loss: 2.084334||ACC: 40.625 ||LR: 0.00100000
Epoch:7 || epochiter: 684/1071|| Totel iter 7110 || Loss: 2.263776||ACC: 34.375 ||LR: 0.00100000
Epoch:7 || epochiter: 694/1071|| Totel iter 7120 || Loss: 2.462393||ACC: 37.500 ||LR: 0.00100000
Epoch:7 || epochiter: 704/1071|| Totel iter 7130 || Loss: 2.569173||ACC: 21.875 ||LR: 0.00100000
Epoch:7 || epochiter: 714/1071|| Totel iter 7140 || Loss: 2.325795||ACC: 31.250 ||LR: 0.00100000
Epoch:7 || epochiter: 724/1071|| Totel iter 7150 || Loss: 2.988112||ACC: 12.500 ||LR: 0.00100000
Epoch:7 || epochiter: 734/1071|| Totel iter 7160 || Loss: 2.368871||ACC: 28.125 ||LR: 0.00100000
Epoch:7 || epochiter: 744/1071|| Totel iter 7170 || Loss: 2.642920||ACC: 40.625 ||LR: 0.00100000
Epoch:7 || epochiter: 754/1071|| Totel iter 7180 || Loss: 2.712155||ACC: 28.125 ||LR: 0.00100000
Epoch:7 || epochiter: 764/1071|| Totel iter 7190 || Loss: 2.005422||ACC: 46.875 ||LR: 0.00100000
Epoch:7 || epochiter: 774/1071|| Totel iter 7200 || Loss: 2.451568||ACC: 43.750 ||LR: 0.00100000
Epoch:7 || epochiter: 784/1071|| Totel iter 7210 || Loss: 2.325660||ACC: 40.625 ||LR: 0.00100000
Epoch:7 || epochiter: 794/1071|| Totel iter 7220 || Loss: 2.609861||ACC: 18.750 ||LR: 0.00100000
Epoch:7 || epochiter: 804/1071|| Totel iter 7230 || Loss: 2.527380||ACC: 37.500 ||LR: 0.00100000
Epoch:7 || epochiter: 814/1071|| Totel iter 7240 || Loss: 2.513148||ACC: 25.000 ||LR: 0.00100000
Epoch:7 || epochiter: 824/1071|| Totel iter 7250 || Loss: 2.837671||ACC: 25.000 ||LR: 0.00100000
Epoch:7 || epochiter: 834/1071|| Totel iter 7260 || Loss: 2.515641||ACC: 31.250 ||LR: 0.00100000
Epoch:7 || epochiter: 844/1071|| Totel iter 7270 || Loss: 2.596449||ACC: 31.250 ||LR: 0.00100000
Epoch:7 || epochiter: 854/1071|| Totel iter 7280 || Loss: 2.099100||ACC: 37.500 ||LR: 0.00100000
Epoch:7 || epochiter: 864/1071|| Totel iter 7290 || Loss: 2.331518||ACC: 21.875 ||LR: 0.00100000
Epoch:7 || epochiter: 874/1071|| Totel iter 7300 || Loss: 2.594601||ACC: 21.875 ||LR: 0.00100000
Epoch:7 || epochiter: 884/1071|| Totel iter 7310 || Loss: 2.028653||ACC: 40.625 ||LR: 0.00100000
Epoch:7 || epochiter: 894/1071|| Totel iter 7320 || Loss: 2.393885||ACC: 31.250 ||LR: 0.00100000
Epoch:7 || epochiter: 904/1071|| Totel iter 7330 || Loss: 2.429808||ACC: 40.625 ||LR: 0.00100000
Epoch:7 || epochiter: 914/1071|| Totel iter 7340 || Loss: 2.196767||ACC: 43.750 ||LR: 0.00100000
Epoch:7 || epochiter: 924/1071|| Totel iter 7350 || Loss: 2.781932||ACC: 21.875 ||LR: 0.00100000
Epoch:7 || epochiter: 934/1071|| Totel iter 7360 || Loss: 1.947505||ACC: 43.750 ||LR: 0.00100000
Epoch:7 || epochiter: 944/1071|| Totel iter 7370 || Loss: 2.326025||ACC: 28.125 ||LR: 0.00100000
Epoch:7 || epochiter: 954/1071|| Totel iter 7380 || Loss: 2.483492||ACC: 25.000 ||LR: 0.00100000
Epoch:7 || epochiter: 964/1071|| Totel iter 7390 || Loss: 2.575521||ACC: 28.125 ||LR: 0.00100000
Epoch:7 || epochiter: 974/1071|| Totel iter 7400 || Loss: 2.520844||ACC: 34.375 ||LR: 0.00100000
Epoch:7 || epochiter: 984/1071|| Totel iter 7410 || Loss: 2.610260||ACC: 25.000 ||LR: 0.00100000
Epoch:7 || epochiter: 994/1071|| Totel iter 7420 || Loss: 2.382032||ACC: 34.375 ||LR: 0.00100000
Epoch:7 || epochiter: 1004/1071|| Totel iter 7430 || Loss: 2.348299||ACC: 37.500 ||LR: 0.00100000
Epoch:7 || epochiter: 1014/1071|| Totel iter 7440 || Loss: 2.532670||ACC: 21.875 ||LR: 0.00100000
Epoch:7 || epochiter: 1024/1071|| Totel iter 7450 || Loss: 2.473055||ACC: 15.625 ||LR: 0.00100000
Epoch:7 || epochiter: 1034/1071|| Totel iter 7460 || Loss: 2.810583||ACC: 25.000 ||LR: 0.00100000
Epoch:7 || epochiter: 1044/1071|| Totel iter 7470 || Loss: 2.640997||ACC: 28.125 ||LR: 0.00100000
Epoch:7 || epochiter: 1054/1071|| Totel iter 7480 || Loss: 2.585757||ACC: 25.000 ||LR: 0.00100000
Epoch:7 || epochiter: 1064/1071|| Totel iter 7490 || Loss: 2.321358||ACC: 40.625 ||LR: 0.00100000
